This is pdfTeX, Version 3.141592653-2.6-1.40.25 (MiKTeX 23.10.12) (preloaded format=pdflatex 2023.12.10)  7 MAY 2024 13:59
entering extended mode
 restricted \write18 enabled.
 file:line:error style messages enabled.
 %&-line parsing enabled.
**"c:/Users/Aaron/Documents/tex/Rapport PFE Final/main.tex"
(c:/Users/Aaron/Documents/tex/Rapport PFE Final/main.tex
LaTeX2e <2023-11-01>
L3 programming layer <2023-11-09>
(C:\Users\Aaron\AppData\Local\Programs\MiKTeX\tex/latex/base\report.cls
Document Class: report 2023/05/17 v1.4n Standard LaTeX document class
(C:\Users\Aaron\AppData\Local\Programs\MiKTeX\tex/latex/base\size12.clo
File: size12.clo 2023/05/17 v1.4n Standard LaTeX file (size option)
)
\c@part=\count186
\c@chapter=\count187
\c@section=\count188
\c@subsection=\count189
\c@subsubsection=\count190
\c@paragraph=\count191
\c@subparagraph=\count192
\c@figure=\count193
\c@table=\count194
\abovecaptionskip=\skip48
\belowcaptionskip=\skip49
\bibindent=\dimen140
) (C:\Users\Aaron\AppData\Local\Programs\MiKTeX\tex/latex/base\inputenc.sty
Package: inputenc 2021/02/14 v1.3d Input encoding file
\inpenc@prehook=\toks17
\inpenc@posthook=\toks18
) (C:\Users\Aaron\AppData\Local\Programs\MiKTeX\tex/latex/graphics\graphicx.sty
Package: graphicx 2021/09/16 v1.2d Enhanced LaTeX Graphics (DPC,SPQR)
 (C:\Users\Aaron\AppData\Local\Programs\MiKTeX\tex/latex/graphics\keyval.sty
Package: keyval 2022/05/29 v1.15 key=value parser (DPC)
\KV@toks@=\toks19
) (C:\Users\Aaron\AppData\Local\Programs\MiKTeX\tex/latex/graphics\graphics.sty
Package: graphics 2022/03/10 v1.4e Standard LaTeX Graphics (DPC,SPQR)
 (C:\Users\Aaron\AppData\Local\Programs\MiKTeX\tex/latex/graphics\trig.sty
Package: trig 2021/08/11 v1.11 sin cos tan (DPC)
) (C:\Users\Aaron\AppData\Local\Programs\MiKTeX\tex/latex/graphics-cfg\graphics.cfg
File: graphics.cfg 2016/06/04 v1.11 sample graphics configuration
)
Package graphics Info: Driver file: pdftex.def on input line 107.
 (C:\Users\Aaron\AppData\Local\Programs\MiKTeX\tex/latex/graphics-def\pdftex.def
File: pdftex.def 2022/09/22 v1.2b Graphics/color driver for pdftex
))
\Gin@req@height=\dimen141
\Gin@req@width=\dimen142
) (C:\Users\Aaron\AppData\Local\Programs\MiKTeX\tex/latex/setspace\setspace.sty
Package: setspace 2022/12/04 v6.7b set line spacing
) (C:\Users\Aaron\AppData\Local\Programs\MiKTeX\tex/latex/csquotes\csquotes.sty
Package: csquotes 2022-09-14 v5.2n context-sensitive quotations (JAW)
 (C:\Users\Aaron\AppData\Local\Programs\MiKTeX\tex/latex/etoolbox\etoolbox.sty
Package: etoolbox 2020/10/05 v2.5k e-TeX tools for LaTeX (JAW)
\etb@tempcnta=\count195
)
\csq@reset=\count196
\csq@gtype=\count197
\csq@glevel=\count198
\csq@qlevel=\count199
\csq@maxlvl=\count266
\csq@tshold=\count267
\csq@ltx@everypar=\toks20
 (C:\Users\Aaron\AppData\Local\Programs\MiKTeX\tex/latex/csquotes\csquotes.def
File: csquotes.def 2022-09-14 v5.2n csquotes generic definitions (JAW)
)
Package csquotes Info: Trying to load configuration file 'csquotes.cfg'...
Package csquotes Info: ... configuration file loaded successfully.
 (C:\Users\Aaron\AppData\Local\Programs\MiKTeX\tex/latex/csquotes\csquotes.cfg
File: csquotes.cfg 
)) (C:\Users\Aaron\AppData\Local\Programs\MiKTeX\tex/latex/base\fontenc.sty
Package: fontenc 2021/04/29 v2.0v Standard LaTeX package
) (C:\Users\Aaron\AppData\Local\Programs\MiKTeX\tex/latex/parskip\parskip.sty
Package: parskip 2021-03-14 v2.0h non-zero parskip adjustments
 (C:\Users\Aaron\AppData\Local\Programs\MiKTeX\tex/latex/kvoptions\kvoptions.sty
Package: kvoptions 2022-06-15 v3.15 Key value format for package options (HO)
 (C:\Users\Aaron\AppData\Local\Programs\MiKTeX\tex/generic/ltxcmds\ltxcmds.sty
Package: ltxcmds 2020-05-10 v1.25 LaTeX kernel commands for general use (HO)
) (C:\Users\Aaron\AppData\Local\Programs\MiKTeX\tex/latex/kvsetkeys\kvsetkeys.sty
Package: kvsetkeys 2022-10-05 v1.19 Key value parser (HO)
))) (C:\Users\Aaron\AppData\Local\Programs\MiKTeX\tex/generic/babel\babel.sty
Package: babel 2023/11/11 v3.97 The Babel package
\babel@savecnt=\count268
\U@D=\dimen143
\l@unhyphenated=\language79
 (C:\Users\Aaron\AppData\Local\Programs\MiKTeX\tex/generic/babel\txtbabel.def)
\bbl@readstream=\read2
\bbl@dirlevel=\count269

*************************************
* Local config file bblopts.cfg used
*
(C:\Users\Aaron\AppData\Local\Programs\MiKTeX\tex/latex/arabi\bblopts.cfg
File: bblopts.cfg 2005/09/08 v0.1 add Arabic and Farsi to "declared" options of babel
) (C:\Users\Aaron\AppData\Local\Programs\MiKTeX\tex/latex/babel-english\english.ldf
Language: english 2017/06/06 v3.3r English support from the babel system
Package babel Info: Hyphen rules for 'canadian' set to \l@english
(babel)             (\language0). Reported on input line 102.
Package babel Info: Hyphen rules for 'australian' set to \l@ukenglish
(babel)             (\language73). Reported on input line 105.
Package babel Info: Hyphen rules for 'newzealand' set to \l@ukenglish
(babel)             (\language73). Reported on input line 108.
) (C:\Users\Aaron\AppData\Local\Programs\MiKTeX\tex/generic/babel-french\french.ldf
Language: french 2023/03/08 v3.5q French support from the babel system
Package babel Info: Hyphen rules for 'acadian' set to \l@french
(babel)             (\language22). Reported on input line 91.
Package babel Info: Hyphen rules for 'canadien' set to \l@french
(babel)             (\language22). Reported on input line 92.
\FB@nonchar=\count270
Package babel Info: Making : an active character on input line 395.
Package babel Info: Making ; an active character on input line 396.
Package babel Info: Making ! an active character on input line 397.
Package babel Info: Making ? an active character on input line 398.
\FBguill@level=\count271
\FBold@everypar=\toks21
\FB@Mht=\dimen144
\mc@charclass=\count272
\mc@charfam=\count273
\mc@charslot=\count274
\std@mcc=\count275
\dec@mcc=\count276
\FB@parskip=\dimen145
\listindentFB=\dimen146
\descindentFB=\dimen147
\labelindentFB=\dimen148
\labelwidthFB=\dimen149
\leftmarginFB=\dimen150
\parindentFFN=\dimen151
\FBfnindent=\dimen152
)) (C:\Users\Aaron\AppData\Local\Programs\MiKTeX\tex/generic/babel/locale/fr\babel-french.tex
Package babel Info: Importing font and identification data for french
(babel)             from babel-fr.ini. Reported on input line 11.
) (C:\Users\Aaron\AppData\Local\Programs\MiKTeX\tex/generic/babel/locale/en\babel-english.tex
Package babel Info: Importing font and identification data for english
(babel)             from babel-en.ini. Reported on input line 11.
) (C:\Users\Aaron\AppData\Local\Programs\MiKTeX\tex/latex/carlisle\scalefnt.sty) (C:\Users\Aaron\AppData\Local\Programs\MiKTeX\tex/latex/numprint\numprint.sty
Package: numprint 2012/08/20 v1.39 Print numbers (HH)
 (C:\Users\Aaron\AppData\Local\Programs\MiKTeX\tex/latex/tools\array.sty
Package: array 2023/10/16 v2.5g Tabular extension package (FMi)
\col@sep=\dimen153
\ar@mcellbox=\box51
\extrarowheight=\dimen154
\NC@list=\toks22
\extratabsurround=\skip50
\backup@length=\skip51
\ar@cellbox=\box52
)
\c@nprt@mantissa@digitsbefore=\count277
\c@nprt@mantissa@digitsafter=\count278
\c@nprt@exponent@digitsbefore=\count279
\c@nprt@exponent@digitsafter=\count280
\nprt@digitwidth=\skip52
\nprt@sepwidth=\skip53
\nprt@decimalwidth=\skip54
\nprt@blockwidth=\skip55
\nprt@digittoks=\toks23
\nprt@pretoks=\toks24
\nprt@posttoks=\toks25
\nprt@thisdigit=\count281
\nprt@curpos=\count282
\nprt@rndpos=\count283
\c@nprt@digitsfirstblock=\count284
\c@nprt@blockcnt=\count285
\c@nprt@cntprint=\count286
 No configuration file `numprint.cfg' found.) (C:\Users\Aaron\AppData\Local\Programs\MiKTeX\tex/latex/biblatex\biblatex.sty
Package: biblatex 2023/03/05 v3.19 programmable bibliographies (PK/MW)
 (C:\Users\Aaron\AppData\Local\Programs\MiKTeX\tex/generic/pdftexcmds\pdftexcmds.sty
Package: pdftexcmds 2020-06-27 v0.33 Utility functions of pdfTeX for LuaTeX (HO)
 (C:\Users\Aaron\AppData\Local\Programs\MiKTeX\tex/generic/infwarerr\infwarerr.sty
Package: infwarerr 2019/12/03 v1.5 Providing info/warning/error messages (HO)
) (C:\Users\Aaron\AppData\Local\Programs\MiKTeX\tex/generic/iftex\iftex.sty
Package: iftex 2022/02/03 v1.0f TeX engine tests
)
Package pdftexcmds Info: \pdf@primitive is available.
Package pdftexcmds Info: \pdf@ifprimitive is available.
Package pdftexcmds Info: \pdfdraftmode found.
) (C:\Users\Aaron\AppData\Local\Programs\MiKTeX\tex/latex/logreq\logreq.sty
Package: logreq 2010/08/04 v1.0 xml request logger
\lrq@indent=\count287
 (C:\Users\Aaron\AppData\Local\Programs\MiKTeX\tex/latex/logreq\logreq.def
File: logreq.def 2010/08/04 v1.0 logreq spec v1.0
)) (C:\Users\Aaron\AppData\Local\Programs\MiKTeX\tex/latex/base\ifthen.sty
Package: ifthen 2022/04/13 v1.1d Standard LaTeX ifthen package (DPC)
) (C:\Users\Aaron\AppData\Local\Programs\MiKTeX\tex/latex/url\url.sty
\Urlmuskip=\muskip16
Package: url 2013/09/16  ver 3.4  Verb mode for urls, etc.
)
\c@tabx@nest=\count288
\c@listtotal=\count289
\c@listcount=\count290
\c@liststart=\count291
\c@liststop=\count292
\c@citecount=\count293
\c@citetotal=\count294
\c@multicitecount=\count295
\c@multicitetotal=\count296
\c@instcount=\count297
\c@maxnames=\count298
\c@minnames=\count299
\c@maxitems=\count300
\c@minitems=\count301
\c@citecounter=\count302
\c@maxcitecounter=\count303
\c@savedcitecounter=\count304
\c@uniquelist=\count305
\c@uniquename=\count306
\c@refsection=\count307
\c@refsegment=\count308
\c@maxextratitle=\count309
\c@maxextratitleyear=\count310
\c@maxextraname=\count311
\c@maxextradate=\count312
\c@maxextraalpha=\count313
\c@abbrvpenalty=\count314
\c@highnamepenalty=\count315
\c@lownamepenalty=\count316
\c@maxparens=\count317
\c@parenlevel=\count318
\blx@tempcnta=\count319
\blx@tempcntb=\count320
\blx@tempcntc=\count321
\c@blx@maxsection=\count322
\blx@maxsegment@0=\count323
\blx@notetype=\count324
\blx@parenlevel@text=\count325
\blx@parenlevel@foot=\count326
\blx@sectionciteorder@0=\count327
\blx@sectionciteorderinternal@0=\count328
\blx@entrysetcounter=\count329
\blx@biblioinstance=\count330
\labelnumberwidth=\skip56
\labelalphawidth=\skip57
\biblabelsep=\skip58
\bibitemsep=\skip59
\bibnamesep=\skip60
\bibinitsep=\skip61
\bibparsep=\skip62
\bibhang=\skip63
\blx@bcfin=\read3
\blx@bcfout=\write3
\blx@langwohyphens=\language80
\c@mincomprange=\count331
\c@maxcomprange=\count332
\c@mincompwidth=\count333
Package biblatex Info: Trying to load biblatex default data model...
Package biblatex Info: ... file 'blx-dm.def' found.
 (C:\Users\Aaron\AppData\Local\Programs\MiKTeX\tex/latex/biblatex\blx-dm.def
File: blx-dm.def 2023/03/05 v3.19 biblatex localization (PK/MW)
)
Package biblatex Info: Trying to load biblatex style data model...
Package biblatex Info: ... file 'numeric.dbx' not found.
Package biblatex Info: Trying to load biblatex custom data model...
Package biblatex Info: ... file 'biblatex-dm.cfg' not found.
\c@afterword=\count334
\c@savedafterword=\count335
\c@annotator=\count336
\c@savedannotator=\count337
\c@author=\count338
\c@savedauthor=\count339
\c@bookauthor=\count340
\c@savedbookauthor=\count341
\c@commentator=\count342
\c@savedcommentator=\count343
\c@editor=\count344
\c@savededitor=\count345
\c@editora=\count346
\c@savededitora=\count347
\c@editorb=\count348
\c@savededitorb=\count349
\c@editorc=\count350
\c@savededitorc=\count351
\c@foreword=\count352
\c@savedforeword=\count353
\c@holder=\count354
\c@savedholder=\count355
\c@introduction=\count356
\c@savedintroduction=\count357
\c@namea=\count358
\c@savednamea=\count359
\c@nameb=\count360
\c@savednameb=\count361
\c@namec=\count362
\c@savednamec=\count363
\c@translator=\count364
\c@savedtranslator=\count365
\c@shortauthor=\count366
\c@savedshortauthor=\count367
\c@shorteditor=\count368
\c@savedshorteditor=\count369
\c@labelname=\count370
\c@savedlabelname=\count371
\c@institution=\count372
\c@savedinstitution=\count373
\c@lista=\count374
\c@savedlista=\count375
\c@listb=\count376
\c@savedlistb=\count377
\c@listc=\count378
\c@savedlistc=\count379
\c@listd=\count380
\c@savedlistd=\count381
\c@liste=\count382
\c@savedliste=\count383
\c@listf=\count384
\c@savedlistf=\count385
\c@location=\count386
\c@savedlocation=\count387
\c@organization=\count388
\c@savedorganization=\count389
\c@origlocation=\count390
\c@savedoriglocation=\count391
\c@origpublisher=\count392
\c@savedorigpublisher=\count393
\c@publisher=\count394
\c@savedpublisher=\count395
\c@language=\count396
\c@savedlanguage=\count397
\c@origlanguage=\count398
\c@savedoriglanguage=\count399
\c@pageref=\count400
\c@savedpageref=\count401
\shorthandwidth=\skip64
\shortjournalwidth=\skip65
\shortserieswidth=\skip66
\shorttitlewidth=\skip67
\shortauthorwidth=\skip68
\shorteditorwidth=\skip69
\locallabelnumberwidth=\skip70
\locallabelalphawidth=\skip71
\localshorthandwidth=\skip72
\localshortjournalwidth=\skip73
\localshortserieswidth=\skip74
\localshorttitlewidth=\skip75
\localshortauthorwidth=\skip76
\localshorteditorwidth=\skip77
Package biblatex Info: Trying to load compatibility code...
Package biblatex Info: ... file 'blx-compat.def' found.
 (C:\Users\Aaron\AppData\Local\Programs\MiKTeX\tex/latex/biblatex\blx-compat.def
File: blx-compat.def 2023/03/05 v3.19 biblatex compatibility (PK/MW)
)
Package biblatex Info: Trying to load generic definitions...
Package biblatex Info: ... file 'biblatex.def' found.
 (C:\Users\Aaron\AppData\Local\Programs\MiKTeX\tex/latex/biblatex\biblatex.def
File: biblatex.def 2023/03/05 v3.19 biblatex compatibility (PK/MW)
\c@textcitecount=\count402
\c@textcitetotal=\count403
\c@textcitemaxnames=\count404
\c@biburlbigbreakpenalty=\count405
\c@biburlbreakpenalty=\count406
\c@biburlnumpenalty=\count407
\c@biburlucpenalty=\count408
\c@biburllcpenalty=\count409
\biburlbigskip=\muskip17
\biburlnumskip=\muskip18
\biburlucskip=\muskip19
\biburllcskip=\muskip20
\c@smartand=\count410
)
Package biblatex Info: Trying to load bibliography style 'numeric'...
Package biblatex Info: ... file 'numeric.bbx' found.
 (C:\Users\Aaron\AppData\Local\Programs\MiKTeX\tex/latex/biblatex/bbx\numeric.bbx
File: numeric.bbx 2023/03/05 v3.19 biblatex bibliography style (PK/MW)
Package biblatex Info: Trying to load bibliography style 'standard'...
Package biblatex Info: ... file 'standard.bbx' found.
 (C:\Users\Aaron\AppData\Local\Programs\MiKTeX\tex/latex/biblatex/bbx\standard.bbx
File: standard.bbx 2023/03/05 v3.19 biblatex bibliography style (PK/MW)
\c@bbx:relatedcount=\count411
\c@bbx:relatedtotal=\count412
))
Package biblatex Info: Trying to load citation style 'numeric'...
Package biblatex Info: ... file 'numeric.cbx' found.
 (C:\Users\Aaron\AppData\Local\Programs\MiKTeX\tex/latex/biblatex/cbx\numeric.cbx
File: numeric.cbx 2023/03/05 v3.19 biblatex citation style (PK/MW)
Package biblatex Info: Redefining '\cite'.
Package biblatex Info: Redefining '\parencite'.
Package biblatex Info: Redefining '\footcite'.
Package biblatex Info: Redefining '\footcitetext'.
Package biblatex Info: Redefining '\smartcite'.
Package biblatex Info: Redefining '\supercite'.
Package biblatex Info: Redefining '\textcite'.
Package biblatex Info: Redefining '\textcites'.
Package biblatex Info: Redefining '\cites'.
Package biblatex Info: Redefining '\parencites'.
Package biblatex Info: Redefining '\smartcites'.
)
Package biblatex Info: Trying to load configuration file...
Package biblatex Info: ... file 'biblatex.cfg' found.
 (C:\Users\Aaron\AppData\Local\Programs\MiKTeX\tex/latex/biblatex\biblatex.cfg
File: biblatex.cfg 
)
Package biblatex Info: Input encoding 'utf8' detected.
Package biblatex Info: Document encoding is UTF8 ....
 (C:\Users\Aaron\AppData\Local\Programs\MiKTeX\tex/latex/l3kernel\expl3.sty
Package: expl3 2023-11-09 L3 programming layer (loader) 
 (C:\Users\Aaron\AppData\Local\Programs\MiKTeX\tex/latex/l3backend\l3backend-pdftex.def
File: l3backend-pdftex.def 2023-11-09 L3 backend support: PDF output (pdfTeX)
\l__color_backend_stack_int=\count413
\l__pdf_internal_box=\box53
))
Package biblatex Info: ... and expl3
(biblatex)             2023-11-09 L3 programming layer (loader) 
(biblatex)             is new enough (at least 2020/04/06),
(biblatex)             setting 'casechanger=expl3'.
 (C:\Users\Aaron\AppData\Local\Programs\MiKTeX\tex/latex/biblatex\blx-case-expl3.sty (C:\Users\Aaron\AppData\Local\Programs\MiKTeX\tex/latex/l3packages/xparse\xparse.sty
Package: xparse 2023-10-10 L3 Experimental document command parser
)
Package: blx-case-expl3 2023/03/05 v3.19 expl3 case changing code for biblatex
)) (C:\Users\Aaron\AppData\Local\Programs\MiKTeX\tex/latex/caption\caption.sty
Package: caption 2023/08/05 v3.6o Customizing captions (AR)
 (C:\Users\Aaron\AppData\Local\Programs\MiKTeX\tex/latex/caption\caption3.sty
Package: caption3 2023/07/31 v2.4d caption3 kernel (AR)
\caption@tempdima=\dimen155
\captionmargin=\dimen156
\caption@leftmargin=\dimen157
\caption@rightmargin=\dimen158
\caption@width=\dimen159
\caption@indent=\dimen160
\caption@parindent=\dimen161
\caption@hangindent=\dimen162
Package caption Info: Standard document class detected.
Package caption Info: french babel package is loaded.
)
\c@caption@flags=\count414
\c@continuedfloat=\count415
) (C:\Users\Aaron\AppData\Local\Programs\MiKTeX\tex/latex/geometry\geometry.sty
Package: geometry 2020/01/02 v5.9 Page Geometry
 (C:\Users\Aaron\AppData\Local\Programs\MiKTeX\tex/generic/iftex\ifvtex.sty
Package: ifvtex 2019/10/25 v1.7 ifvtex legacy package. Use iftex instead.
)
\Gm@cnth=\count416
\Gm@cntv=\count417
\c@Gm@tempcnt=\count418
\Gm@bindingoffset=\dimen163
\Gm@wd@mp=\dimen164
\Gm@odd@mp=\dimen165
\Gm@even@mp=\dimen166
\Gm@layoutwidth=\dimen167
\Gm@layoutheight=\dimen168
\Gm@layouthoffset=\dimen169
\Gm@layoutvoffset=\dimen170
\Gm@dimlist=\toks26
 (C:\Users\Aaron\AppData\Local\Programs\MiKTeX\tex/latex/geometry\geometry.cfg)) (C:\Users\Aaron\AppData\Local\Programs\MiKTeX\tex/latex/booktabs\booktabs.sty
Package: booktabs 2020/01/12 v1.61803398 Publication quality tables
\heavyrulewidth=\dimen171
\lightrulewidth=\dimen172
\cmidrulewidth=\dimen173
\belowrulesep=\dimen174
\belowbottomsep=\dimen175
\aboverulesep=\dimen176
\abovetopsep=\dimen177
\cmidrulesep=\dimen178
\cmidrulekern=\dimen179
\defaultaddspace=\dimen180
\@cmidla=\count419
\@cmidlb=\count420
\@aboverulesep=\dimen181
\@belowrulesep=\dimen182
\@thisruleclass=\count421
\@lastruleclass=\count422
\@thisrulewidth=\dimen183
) (C:\Users\Aaron\AppData\Local\Programs\MiKTeX\tex/latex/algorithm2e\algorithm2e.sty
Package: algorithm2e 2017/07/18 v5.2 algorithms environments
\c@AlgoLine=\count423
\algocf@hangindent=\skip78
 (C:\Users\Aaron\AppData\Local\Programs\MiKTeX\tex/latex/ifoddpage\ifoddpage.sty
Package: ifoddpage 2022/10/18 v1.2 Conditionals for odd/even page detection
\c@checkoddpage=\count424
) (C:\Users\Aaron\AppData\Local\Programs\MiKTeX\tex/latex/tools\xspace.sty
Package: xspace 2014/10/28 v1.13 Space after command names (DPC,MH)
) (C:\Users\Aaron\AppData\Local\Programs\MiKTeX\tex/latex/relsize\relsize.sty
Package: relsize 2013/03/29 ver 4.1
)
\skiptotal=\skip79
\skiplinenumber=\skip80
\skiprule=\skip81
\skiphlne=\skip82
\skiptext=\skip83
\skiplength=\skip84
\algomargin=\skip85
\skipalgocfslide=\skip86
\algowidth=\dimen184
\inoutsize=\dimen185
\inoutindent=\dimen186
\interspacetitleruled=\dimen187
\interspacealgoruled=\dimen188
\interspacetitleboxruled=\dimen189
\algocf@ruledwidth=\skip87
\algocf@inoutbox=\box54
\algocf@inputbox=\box55
\AlCapSkip=\skip88
\AlCapHSkip=\skip89
\algoskipindent=\skip90
\algocf@nlbox=\box56
\algocf@hangingbox=\box57
\algocf@untilbox=\box58
\algocf@skipuntil=\skip91
\algocf@capbox=\box59
\algocf@lcaptionbox=\skip92
\algoheightruledefault=\skip93
\algoheightrule=\skip94
\algotitleheightruledefault=\skip95
\algotitleheightrule=\skip96
\c@algocfline=\count425
\c@algocfproc=\count426
\c@algocf=\count427
\algocf@algoframe=\box60
\algocf@algobox=\box61
) (C:\Users\Aaron\AppData\Local\Programs\MiKTeX\tex/latex/float\float.sty
Package: float 2001/11/08 v1.3d Float enhancements (AL)
\c@float@type=\count428
\float@exts=\toks27
\float@box=\box62
\@float@everytoks=\toks28
\@floatcapt=\box63
) (C:\Users\Aaron\AppData\Local\Programs\MiKTeX\tex/latex/hyperref\hyperref.sty
Package: hyperref 2023-11-26 v7.01g Hypertext links for LaTeX
 (C:\Users\Aaron\AppData\Local\Programs\MiKTeX\tex/generic/kvdefinekeys\kvdefinekeys.sty
Package: kvdefinekeys 2019-12-19 v1.6 Define keys (HO)
) (C:\Users\Aaron\AppData\Local\Programs\MiKTeX\tex/generic/pdfescape\pdfescape.sty
Package: pdfescape 2019/12/09 v1.15 Implements pdfTeX's escape features (HO)
) (C:\Users\Aaron\AppData\Local\Programs\MiKTeX\tex/latex/hycolor\hycolor.sty
Package: hycolor 2020-01-27 v1.10 Color options for hyperref/bookmark (HO)
) (C:\Users\Aaron\AppData\Local\Programs\MiKTeX\tex/latex/letltxmacro\letltxmacro.sty
Package: letltxmacro 2019/12/03 v1.6 Let assignment for LaTeX macros (HO)
) (C:\Users\Aaron\AppData\Local\Programs\MiKTeX\tex/latex/auxhook\auxhook.sty
Package: auxhook 2019-12-17 v1.6 Hooks for auxiliary files (HO)
) (C:\Users\Aaron\AppData\Local\Programs\MiKTeX\tex/latex/hyperref\nameref.sty
Package: nameref 2023-11-26 v2.56 Cross-referencing by name of section
 (C:\Users\Aaron\AppData\Local\Programs\MiKTeX\tex/latex/refcount\refcount.sty
Package: refcount 2019/12/15 v3.6 Data extraction from label references (HO)
) (C:\Users\Aaron\AppData\Local\Programs\MiKTeX\tex/generic/gettitlestring\gettitlestring.sty
Package: gettitlestring 2019/12/15 v1.6 Cleanup title references (HO)
)
\c@section@level=\count429
)
\@linkdim=\dimen190
\Hy@linkcounter=\count430
\Hy@pagecounter=\count431
 (C:\Users\Aaron\AppData\Local\Programs\MiKTeX\tex/latex/hyperref\pd1enc.def
File: pd1enc.def 2023-11-26 v7.01g Hyperref: PDFDocEncoding definition (HO)
Now handling font encoding PD1 ...
... no UTF-8 mapping file for font encoding PD1
) (C:\Users\Aaron\AppData\Local\Programs\MiKTeX\tex/generic/intcalc\intcalc.sty
Package: intcalc 2019/12/15 v1.3 Expandable calculations with integers (HO)
)
\Hy@SavedSpaceFactor=\count432
 (C:\Users\Aaron\AppData\Local\Programs\MiKTeX\tex/latex/hyperref\puenc.def
File: puenc.def 2023-11-26 v7.01g Hyperref: PDF Unicode definition (HO)
Now handling font encoding PU ...
... no UTF-8 mapping file for font encoding PU
)
Package hyperref Info: Hyper figures OFF on input line 4181.
Package hyperref Info: Link nesting OFF on input line 4186.
Package hyperref Info: Hyper index ON on input line 4189.
Package hyperref Info: Plain pages OFF on input line 4196.
Package hyperref Info: Backreferencing OFF on input line 4201.
Package hyperref Info: Implicit mode ON; LaTeX internals redefined.
Package hyperref Info: Bookmarks ON on input line 4448.
\c@Hy@tempcnt=\count433
LaTeX Info: Redefining \url on input line 4786.
\XeTeXLinkMargin=\dimen191
 (C:\Users\Aaron\AppData\Local\Programs\MiKTeX\tex/generic/bitset\bitset.sty
Package: bitset 2019/12/09 v1.3 Handle bit-vector datatype (HO)
 (C:\Users\Aaron\AppData\Local\Programs\MiKTeX\tex/generic/bigintcalc\bigintcalc.sty
Package: bigintcalc 2019/12/15 v1.5 Expandable calculations on big integers (HO)
))
\Fld@menulength=\count434
\Field@Width=\dimen192
\Fld@charsize=\dimen193
Package hyperref Info: Hyper figures OFF on input line 6065.
Package hyperref Info: Link nesting OFF on input line 6070.
Package hyperref Info: Hyper index ON on input line 6073.
Package hyperref Info: backreferencing OFF on input line 6080.
Package hyperref Info: Link coloring OFF on input line 6085.
Package hyperref Info: Link coloring with OCG OFF on input line 6090.
Package hyperref Info: PDF/A mode OFF on input line 6095.
 (C:\Users\Aaron\AppData\Local\Programs\MiKTeX\tex/latex/base\atbegshi-ltx.sty
Package: atbegshi-ltx 2021/01/10 v1.0c Emulation of the original atbegshi
package with kernel methods
)
\Hy@abspage=\count435
\c@Item=\count436
\c@Hfootnote=\count437
)
Package hyperref Info: Driver (autodetected): hpdftex.
 (C:\Users\Aaron\AppData\Local\Programs\MiKTeX\tex/latex/hyperref\hpdftex.def
File: hpdftex.def 2023-11-26 v7.01g Hyperref driver for pdfTeX
 (C:\Users\Aaron\AppData\Local\Programs\MiKTeX\tex/latex/base\atveryend-ltx.sty
Package: atveryend-ltx 2020/08/19 v1.0a Emulation of the original atveryend package
with kernel methods
)
\Fld@listcount=\count438
\c@bookmark@seq@number=\count439
 (C:\Users\Aaron\AppData\Local\Programs\MiKTeX\tex/latex/rerunfilecheck\rerunfilecheck.sty
Package: rerunfilecheck 2022-07-10 v1.10 Rerun checks for auxiliary files (HO)
 (C:\Users\Aaron\AppData\Local\Programs\MiKTeX\tex/generic/uniquecounter\uniquecounter.sty
Package: uniquecounter 2019/12/15 v1.4 Provide unlimited unique counter (HO)
)
Package uniquecounter Info: New unique counter `rerunfilecheck' on input line 285.
)
\Hy@SectionHShift=\skip97
) (C:\Users\Aaron\AppData\Local\Programs\MiKTeX\tex/latex/caption\subcaption.sty
Package: subcaption 2023/07/28 v1.6b Sub-captions (AR)
Package caption Info: New subtype `subfigure' on input line 238.
\c@subfigure=\count440
Package caption Info: New subtype `subtable' on input line 238.
\c@subtable=\count441
) (C:\Users\Aaron\AppData\Local\Programs\MiKTeX\tex/latex/xcolor\xcolor.sty
Package: xcolor 2023/11/15 v3.01 LaTeX color extensions (UK)
 (C:\Users\Aaron\AppData\Local\Programs\MiKTeX\tex/latex/graphics-cfg\color.cfg
File: color.cfg 2016/01/02 v1.6 sample color configuration
)
Package xcolor Info: Driver file: pdftex.def on input line 274.
 (C:\Users\Aaron\AppData\Local\Programs\MiKTeX\tex/latex/graphics\mathcolor.ltx)
Package xcolor Info: Model `cmy' substituted by `cmy0' on input line 1350.
Package xcolor Info: Model `hsb' substituted by `rgb' on input line 1354.
Package xcolor Info: Model `RGB' extended on input line 1366.
Package xcolor Info: Model `HTML' substituted by `rgb' on input line 1368.
Package xcolor Info: Model `Hsb' substituted by `hsb' on input line 1369.
Package xcolor Info: Model `tHsb' substituted by `hsb' on input line 1370.
Package xcolor Info: Model `HSB' substituted by `hsb' on input line 1371.
Package xcolor Info: Model `Gray' substituted by `gray' on input line 1372.
Package xcolor Info: Model `wave' substituted by `hsb' on input line 1373.
) (C:\Users\Aaron\AppData\Local\Programs\MiKTeX\tex/latex/graphics\dvipsnam.def
File: dvipsnam.def 2016/06/17 v3.0m Driver-dependent file (DPC,SPQR)
) (C:\Users\Aaron\AppData\Local\Programs\MiKTeX\tex/latex/colortbl\colortbl.sty
Package: colortbl 2024/02/20 v1.0g Color table columns (DPC)
\everycr=\toks29
\minrowclearance=\skip98
\rownum=\count442
) (C:\Users\Aaron\AppData\Local\Programs\MiKTeX\tex/latex/lm\lmodern.sty
Package: lmodern 2015/05/01 v1.6.1 Latin Modern Fonts
LaTeX Font Info:    Overwriting symbol font `operators' in version `normal'
(Font)                  OT1/cmr/m/n --> OT1/lmr/m/n on input line 22.
LaTeX Font Info:    Overwriting symbol font `letters' in version `normal'
(Font)                  OML/cmm/m/it --> OML/lmm/m/it on input line 23.
LaTeX Font Info:    Overwriting symbol font `symbols' in version `normal'
(Font)                  OMS/cmsy/m/n --> OMS/lmsy/m/n on input line 24.
LaTeX Font Info:    Overwriting symbol font `largesymbols' in version `normal'
(Font)                  OMX/cmex/m/n --> OMX/lmex/m/n on input line 25.
LaTeX Font Info:    Overwriting symbol font `operators' in version `bold'
(Font)                  OT1/cmr/bx/n --> OT1/lmr/bx/n on input line 26.
LaTeX Font Info:    Overwriting symbol font `letters' in version `bold'
(Font)                  OML/cmm/b/it --> OML/lmm/b/it on input line 27.
LaTeX Font Info:    Overwriting symbol font `symbols' in version `bold'
(Font)                  OMS/cmsy/b/n --> OMS/lmsy/b/n on input line 28.
LaTeX Font Info:    Overwriting symbol font `largesymbols' in version `bold'
(Font)                  OMX/cmex/m/n --> OMX/lmex/m/n on input line 29.
LaTeX Font Info:    Overwriting math alphabet `\mathbf' in version `normal'
(Font)                  OT1/cmr/bx/n --> OT1/lmr/bx/n on input line 31.
LaTeX Font Info:    Overwriting math alphabet `\mathsf' in version `normal'
(Font)                  OT1/cmss/m/n --> OT1/lmss/m/n on input line 32.
LaTeX Font Info:    Overwriting math alphabet `\mathit' in version `normal'
(Font)                  OT1/cmr/m/it --> OT1/lmr/m/it on input line 33.
LaTeX Font Info:    Overwriting math alphabet `\mathtt' in version `normal'
(Font)                  OT1/cmtt/m/n --> OT1/lmtt/m/n on input line 34.
LaTeX Font Info:    Overwriting math alphabet `\mathbf' in version `bold'
(Font)                  OT1/cmr/bx/n --> OT1/lmr/bx/n on input line 35.
LaTeX Font Info:    Overwriting math alphabet `\mathsf' in version `bold'
(Font)                  OT1/cmss/bx/n --> OT1/lmss/bx/n on input line 36.
LaTeX Font Info:    Overwriting math alphabet `\mathit' in version `bold'
(Font)                  OT1/cmr/bx/it --> OT1/lmr/bx/it on input line 37.
LaTeX Font Info:    Overwriting math alphabet `\mathtt' in version `bold'
(Font)                  OT1/cmtt/m/n --> OT1/lmtt/m/n on input line 38.
) (C:\Users\Aaron\AppData\Local\Programs\MiKTeX\tex/latex/enumitem\enumitem.sty
Package: enumitem 2019/06/20 v3.9 Customized lists
\labelindent=\skip99
\enit@outerparindent=\dimen194
\enit@toks=\toks30
\enit@inbox=\box64
\enit@count@id=\count443
\enitdp@description=\count444
) (C:\Users\Aaron\AppData\Local\Programs\MiKTeX\tex/latex/tools\tabularx.sty
Package: tabularx 2023/07/08 v2.11c `tabularx' package (DPC)
\TX@col@width=\dimen195
\TX@old@table=\dimen196
\TX@old@col=\dimen197
\TX@target=\dimen198
\TX@delta=\dimen199
\TX@cols=\count445
\TX@ftn=\toks31
) (C:\Users\Aaron\AppData\Local\Programs\MiKTeX\tex/latex/blindtext\blindtext.sty
Package: blindtext 2012/01/06 V2.0 blindtext-Package
\c@blindtext=\count446
\c@Blindtext=\count447
\c@blind@countparstart=\count448
\blind@countxx=\count449
\blindtext@numBlindtext=\count450
\blind@countyy=\count451
\c@blindlist=\count452
\c@blindlistlevel=\count453
\c@blindlist@level=\count454
\blind@listitem=\count455
\c@blind@listcount=\count456
\c@blind@levelcount=\count457
\blind@mathformula=\count458
\blind@Mathformula=\count459
\c@blind@randomcount=\count460
\c@blind@randommax=\count461
\c@blind@pangramcount=\count462
\c@blind@pangrammax=\count463
) (C:\Users\Aaron\AppData\Local\Programs\MiKTeX\tex/latex/tools\longtable.sty
Package: longtable 2023-11-01 v4.19 Multi-page Table package (DPC)
\LTleft=\skip100
\LTright=\skip101
\LTpre=\skip102
\LTpost=\skip103
\LTchunksize=\count464
\LTcapwidth=\dimen256
\LT@head=\box65
\LT@firsthead=\box66
\LT@foot=\box67
\LT@lastfoot=\box68
\LT@gbox=\box69
\LT@cols=\count465
\LT@rows=\count466
\c@LT@tables=\count467
\c@LT@chunks=\count468
\LT@p@ftn=\toks32
) (C:\Users\Aaron\AppData\Local\Programs\MiKTeX\tex/latex/amsmath\amsmath.sty
Package: amsmath 2023/05/13 v2.17o AMS math features
\@mathmargin=\skip104

For additional information on amsmath, use the `?' option.
(C:\Users\Aaron\AppData\Local\Programs\MiKTeX\tex/latex/amsmath\amstext.sty
Package: amstext 2021/08/26 v2.01 AMS text
 (C:\Users\Aaron\AppData\Local\Programs\MiKTeX\tex/latex/amsmath\amsgen.sty
File: amsgen.sty 1999/11/30 v2.0 generic functions
\@emptytoks=\toks33
\ex@=\dimen257
)) (C:\Users\Aaron\AppData\Local\Programs\MiKTeX\tex/latex/amsmath\amsbsy.sty
Package: amsbsy 1999/11/29 v1.2d Bold Symbols
\pmbraise@=\dimen258
) (C:\Users\Aaron\AppData\Local\Programs\MiKTeX\tex/latex/amsmath\amsopn.sty
Package: amsopn 2022/04/08 v2.04 operator names
)
\inf@bad=\count469
LaTeX Info: Redefining \frac on input line 234.
\uproot@=\count470
\leftroot@=\count471
LaTeX Info: Redefining \overline on input line 399.
LaTeX Info: Redefining \colon on input line 410.
\classnum@=\count472
\DOTSCASE@=\count473
LaTeX Info: Redefining \ldots on input line 496.
LaTeX Info: Redefining \dots on input line 499.
LaTeX Info: Redefining \cdots on input line 620.
\Mathstrutbox@=\box70
\strutbox@=\box71
LaTeX Info: Redefining \big on input line 722.
LaTeX Info: Redefining \Big on input line 723.
LaTeX Info: Redefining \bigg on input line 724.
LaTeX Info: Redefining \Bigg on input line 725.
\big@size=\dimen259
LaTeX Font Info:    Redeclaring font encoding OML on input line 743.
LaTeX Font Info:    Redeclaring font encoding OMS on input line 744.
\macc@depth=\count474
LaTeX Info: Redefining \bmod on input line 905.
LaTeX Info: Redefining \pmod on input line 910.
LaTeX Info: Redefining \smash on input line 940.
LaTeX Info: Redefining \relbar on input line 970.
LaTeX Info: Redefining \Relbar on input line 971.
\c@MaxMatrixCols=\count475
\dotsspace@=\muskip21
\c@parentequation=\count476
\dspbrk@lvl=\count477
\tag@help=\toks34
\row@=\count478
\column@=\count479
\maxfields@=\count480
\andhelp@=\toks35
\eqnshift@=\dimen260
\alignsep@=\dimen261
\tagshift@=\dimen262
\tagwidth@=\dimen263
\totwidth@=\dimen264
\lineht@=\dimen265
\@envbody=\toks36
\multlinegap=\skip105
\multlinetaggap=\skip106
\mathdisplay@stack=\toks37
LaTeX Info: Redefining \[ on input line 2953.
LaTeX Info: Redefining \] on input line 2954.
) (C:\Users\Aaron\AppData\Local\Programs\MiKTeX\tex/latex/titlesec\titlesec.sty
Package: titlesec 2023/10/27 v2.16 Sectioning titles
\ttl@box=\box72
\beforetitleunit=\skip107
\aftertitleunit=\skip108
\ttl@plus=\dimen266
\ttl@minus=\dimen267
\ttl@toksa=\toks38
\titlewidth=\dimen268
\titlewidthlast=\dimen269
\titlewidthfirst=\dimen270
) (C:\Users\Aaron\AppData\Local\Programs\MiKTeX\tex/latex/tocloft\tocloft.sty
Package: tocloft 2017/08/31 v2.3i parameterised ToC, etc., typesetting
Package tocloft Info: The document has chapter divisions on input line 51.
\cftparskip=\skip109
\cftbeforetoctitleskip=\skip110
\cftaftertoctitleskip=\skip111
\cftbeforepartskip=\skip112
\cftpartnumwidth=\skip113
\cftpartindent=\skip114
\cftbeforechapskip=\skip115
\cftchapindent=\skip116
\cftchapnumwidth=\skip117
\cftbeforesecskip=\skip118
\cftsecindent=\skip119
\cftsecnumwidth=\skip120
\cftbeforesubsecskip=\skip121
\cftsubsecindent=\skip122
\cftsubsecnumwidth=\skip123
\cftbeforesubsubsecskip=\skip124
\cftsubsubsecindent=\skip125
\cftsubsubsecnumwidth=\skip126
\cftbeforeparaskip=\skip127
\cftparaindent=\skip128
\cftparanumwidth=\skip129
\cftbeforesubparaskip=\skip130
\cftsubparaindent=\skip131
\cftsubparanumwidth=\skip132
\cftbeforeloftitleskip=\skip133
\cftafterloftitleskip=\skip134
\cftbeforefigskip=\skip135
\cftfigindent=\skip136
\cftfignumwidth=\skip137
\c@lofdepth=\count481
\c@lotdepth=\count482
\cftbeforelottitleskip=\skip138
\cftafterlottitleskip=\skip139
\cftbeforetabskip=\skip140
\cfttabindent=\skip141
\cfttabnumwidth=\skip142


Package tocloft Warning: \@starttoc has already been redefined; tocloft bailing out. on input line 1156.

) (C:\Users\Aaron\AppData\Local\Programs\MiKTeX\tex/latex/titlesec\titletoc.sty
Package: titletoc 2023/10/27 v2.16 TOC entries
\ttl@leftsep=\dimen271
) (C:\Users\Aaron\AppData\Local\Programs\MiKTeX\tex/latex/fncychap\fncychap.sty
Package: fncychap 2007/07/30 v1.34 LaTeX package (Revised chapters)
\RW=\skip143
\mylen=\skip144
\myhi=\skip145
\px=\skip146
\py=\skip147
\pyy=\skip148
\pxx=\skip149
) (C:\Users\Aaron\AppData\Local\Programs\MiKTeX\tex/latex/etoc\etoc.sty
Package: etoc 2023/10/29 v1.2d Completely customisable TOCs (JFB)
 (C:\Users\Aaron\AppData\Local\Programs\MiKTeX\tex/latex/tools\multicol.sty
Package: multicol 2023/03/30 v1.9f multicolumn formatting (FMi)
\c@tracingmulticols=\count483
\mult@box=\box73
\multicol@leftmargin=\dimen272
\c@unbalance=\count484
\c@collectmore=\count485
\doublecol@number=\count486
\multicoltolerance=\count487
\multicolpretolerance=\count488
\full@width=\dimen273
\page@free=\dimen274
\premulticols=\dimen275
\postmulticols=\dimen276
\multicolsep=\skip150
\multicolbaselineskip=\skip151
\partial@page=\box74
\last@line=\box75
\mc@boxedresult=\box76
\maxbalancingoverflow=\dimen277
\mult@rightbox=\box77
\mult@grightbox=\box78
\mult@firstbox=\box79
\mult@gfirstbox=\box80
\@tempa=\box81
\@tempa=\box82
\@tempa=\box83
\@tempa=\box84
\@tempa=\box85
\@tempa=\box86
\@tempa=\box87
\@tempa=\box88
\@tempa=\box89
\@tempa=\box90
\@tempa=\box91
\@tempa=\box92
\@tempa=\box93
\@tempa=\box94
\@tempa=\box95
\@tempa=\box96
\@tempa=\box97
\@tempa=\box98
\@tempa=\box99
\@tempa=\box100
\@tempa=\box101
\@tempa=\box102
\@tempa=\box103
\@tempa=\box104
\@tempa=\box105
\@tempa=\box106
\@tempa=\box107
\@tempa=\box108
\@tempa=\box109
\@tempa=\box110
\@tempa=\box111
\@tempa=\box112
\@tempa=\box113
\@tempa=\box114
\@tempa=\box115
\@tempa=\box116
\c@minrows=\count489
\c@columnbadness=\count490
\c@finalcolumnbadness=\count491
\last@try=\dimen278
\multicolovershoot=\dimen279
\multicolundershoot=\dimen280
\mult@nat@firstbox=\box117
\colbreak@box=\box118
\mc@col@check@num=\count492
)
\Etoc@toctoks=\toks39
\c@etoc@tocid=\count493
\etoc@framed@titlebox=\box119
\etoc@framed@contentsbox=\box120
)
Package hyperref Info: Option `colorlinks' set `true' on input line 71.
Package csquotes Info: Checking for multilingual support...
Package csquotes Info: ... found 'babel' package.
Package csquotes Info: Adjusting default style.
Package csquotes Info: Redefining alias 'default' -> 'french'.
LaTeX Font Info:    Trying to load font information for T1+lmr on input line 80.
 (C:\Users\Aaron\AppData\Local\Programs\MiKTeX\tex/latex/lm\t1lmr.fd
File: t1lmr.fd 2015/05/01 v1.6.1 Font defs for Latin Modern
) (main.aux (couverture.aux))
\openout1 = `main.aux'.

LaTeX Font Info:    Checking defaults for OML/cmm/m/it on input line 80.
LaTeX Font Info:    ... okay on input line 80.
LaTeX Font Info:    Checking defaults for OMS/cmsy/m/n on input line 80.
LaTeX Font Info:    ... okay on input line 80.
LaTeX Font Info:    Checking defaults for OT1/cmr/m/n on input line 80.
LaTeX Font Info:    ... okay on input line 80.
LaTeX Font Info:    Checking defaults for T1/cmr/m/n on input line 80.
LaTeX Font Info:    ... okay on input line 80.
LaTeX Font Info:    Checking defaults for TS1/cmr/m/n on input line 80.
LaTeX Font Info:    ... okay on input line 80.
LaTeX Font Info:    Checking defaults for OMX/cmex/m/n on input line 80.
LaTeX Font Info:    ... okay on input line 80.
LaTeX Font Info:    Checking defaults for U/cmr/m/n on input line 80.
LaTeX Font Info:    ... okay on input line 80.
LaTeX Font Info:    Checking defaults for PD1/pdf/m/n on input line 80.
LaTeX Font Info:    ... okay on input line 80.
LaTeX Font Info:    Checking defaults for PU/pdf/m/n on input line 80.
LaTeX Font Info:    ... okay on input line 80.
 (C:\Users\Aaron\AppData\Local\Programs\MiKTeX\tex/context/base/mkii\supp-pdf.mkii
[Loading MPS to PDF converter (version 2006.09.02).]
\scratchcounter=\count494
\scratchdimen=\dimen281
\scratchbox=\box121
\nofMPsegments=\count495
\nofMParguments=\count496
\everyMPshowfont=\toks40
\MPscratchCnt=\count497
\MPscratchDim=\dimen282
\MPnumerator=\count498
\makeMPintoPDFobject=\count499
\everyMPtoPDFconversion=\toks41
) (C:\Users\Aaron\AppData\Local\Programs\MiKTeX\tex/latex/epstopdf-pkg\epstopdf-base.sty
Package: epstopdf-base 2020-01-24 v2.11 Base part for package epstopdf
Package epstopdf-base Info: Redefining graphics rule for `.eps' on input line 485.
 (C:\Users\Aaron\AppData\Local\Programs\MiKTeX\tex/latex/00miktex\epstopdf-sys.cfg
File: epstopdf-sys.cfg 2021/03/18 v2.0 Configuration of epstopdf for MiKTeX
))
LaTeX Info: Redefining \degres on input line 80.
Package french.ldf Info: Setting StandardItemizeEnv=true for
(french.ldf)             compatibility with enumitem package,
(french.ldf)             reported on input line 80.
Package french.ldf Info: Setting StandardEnumerateEnv=true for
(french.ldf)             compatibility with enumitem package,
(french.ldf)             reported on input line 80.
LaTeX Info: Redefining \up on input line 80.
Package biblatex Info: Trying to load language 'french'...
Package biblatex Info: ... file 'french.lbx' found.
 (C:\Users\Aaron\AppData\Local\Programs\MiKTeX\tex/latex/biblatex/lbx\french.lbx
File: french.lbx 2023/03/05 v3.19 biblatex localization (PK/MW)
)
Package biblatex Info: Trying to load language 'english'...
Package biblatex Info: ... file 'english.lbx' found.
 (C:\Users\Aaron\AppData\Local\Programs\MiKTeX\tex/latex/biblatex/lbx\english.lbx
File: english.lbx 2023/03/05 v3.19 biblatex localization (PK/MW)
)
Package biblatex Info: Input encoding 'utf8' detected.
Package biblatex Info: Automatic encoding selection.
(biblatex)             Assuming data encoding 'utf8'.
\openout3 = `main.bcf'.

Package biblatex Info: Trying to load bibliographic data...
Package biblatex Info: ... file 'main.bbl' found.
 (main.bbl)
Package biblatex Info: Reference section=0 on input line 80.
Package biblatex Info: Reference segment=0 on input line 80.
Package caption Info: Begin \AtBeginDocument code.
Package caption Info: float package is loaded.
Package caption Info: hyperref package is loaded.
Package caption Info: longtable package is loaded.
 (C:\Users\Aaron\AppData\Local\Programs\MiKTeX\tex/latex/caption\ltcaption.sty
Package: ltcaption 2021/01/08 v1.4c longtable captions (AR)
)
Package caption Info: End \AtBeginDocument code.

*geometry* driver: auto-detecting
*geometry* detected driver: pdftex
*geometry* verbose mode - [ preamble ] result:
* driver: pdftex
* paper: a4paper
* layout: <same size as paper>
* layoutoffset:(h,v)=(0.0pt,0.0pt)
* modes: 
* h-part:(L,W,R)=(36.135pt, 525.23788pt, 36.135pt)
* v-part:(T,H,B)=(36.135pt, 772.77686pt, 36.135pt)
* \paperwidth=597.50787pt
* \paperheight=845.04684pt
* \textwidth=525.23788pt
* \textheight=772.77686pt
* \oddsidemargin=-36.135pt
* \evensidemargin=-36.135pt
* \topmargin=-73.135pt
* \headheight=12.0pt
* \headsep=25.0pt
* \topskip=12.0pt
* \footskip=30.0pt
* \marginparwidth=44.0pt
* \marginparsep=10.0pt
* \columnsep=10.0pt
* \skip\footins=10.8pt plus 4.0pt minus 2.0pt
* \hoffset=0.0pt
* \voffset=0.0pt
* \mag=1000
* \@twocolumnfalse
* \@twosidefalse
* \@mparswitchfalse
* \@reversemarginfalse
* (1in=72.27pt=25.4mm, 1cm=28.453pt)

Package hyperref Info: Link coloring ON on input line 80.
(main.out) (main.out)
\@outlinefile=\write4
\openout4 = `main.out'.

\Etoc@tf=\read4
\openout2 = `couverture.aux'.

 (couverture.tex
<logos/isgs.png, id=378, 163.91135pt x 163.91135pt>
File: logos/isgs.png Graphic file (type png)
<use logos/isgs.png>
Package pdftex.def Info: logos/isgs.png  used on input line 3.
(pdftex.def)             Requested size: 262.61894pt x 262.62614pt.
 [1


{C:/Users/Aaron/AppData/Local/MiKTeX/fonts/map/pdftex/pdftex.map}{C:/Users/Aaron/AppData/Local/Programs/MiKTeX/fonts/enc/dvips/lm/lm-ec.enc} <./logos/isgs.png (PNG copy)>]) (remerciements.tex
Underfull \hbox (badness 10000) in paragraph at lines 6--8

 []

[1


]) (dedicace.tex
pdfTeX warning (ext4): destination with the same identifier (name{page.}) has been already used, duplicate ignored
<to be read again> 
                   \relax 
l.18 \newpage
              [1])
\tf@toc=\write5
\openout5 = `main.toc'.

LaTeX Font Info:    Trying to load font information for OT1+lmr on input line 93.
 (C:\Users\Aaron\AppData\Local\Programs\MiKTeX\tex/latex/lm\ot1lmr.fd
File: ot1lmr.fd 2015/05/01 v1.6.1 Font defs for Latin Modern
)
LaTeX Font Info:    Trying to load font information for OML+lmm on input line 93.
 (C:\Users\Aaron\AppData\Local\Programs\MiKTeX\tex/latex/lm\omllmm.fd
File: omllmm.fd 2015/05/01 v1.6.1 Font defs for Latin Modern
)
LaTeX Font Info:    Trying to load font information for OMS+lmsy on input line 93.
 (C:\Users\Aaron\AppData\Local\Programs\MiKTeX\tex/latex/lm\omslmsy.fd
File: omslmsy.fd 2015/05/01 v1.6.1 Font defs for Latin Modern
)
LaTeX Font Info:    Trying to load font information for OMX+lmex on input line 93.
 (C:\Users\Aaron\AppData\Local\Programs\MiKTeX\tex/latex/lm\omxlmex.fd
File: omxlmex.fd 2015/05/01 v1.6.1 Font defs for Latin Modern
)
LaTeX Font Info:    External font `lmex10' loaded for size
(Font)              <14.4> on input line 93.
LaTeX Font Info:    External font `lmex10' loaded for size
(Font)              <10> on input line 93.
LaTeX Font Info:    External font `lmex10' loaded for size
(Font)              <7> on input line 93.

pdfTeX warning (ext4): destination with the same identifier (name{page.}) has been already used, duplicate ignored
<to be read again> 
                   \relax 
l.93 \listoffigures
                    [2]
pdfTeX warning (ext4): destination with the same identifier (name{page.}) has been already used, duplicate ignored
<to be read again> 
                   \relax 
l.93 \listoffigures
                    [3]
pdfTeX warning (ext4): destination with the same identifier (name{page.}) has been already used, duplicate ignored
<to be read again> 
                   \relax 
l.93 \listoffigures
                    [4] (main.lof
pdfTeX warning (ext4): destination with the same identifier (name{page.}) has been already used, duplicate ignored
<to be read again> 
                   \relax 
l.10 ...us de tokenisation}}{18}{figure.caption.8}
                                                  % [5]
pdfTeX warning (ext4): destination with the same identifier (name{page.}) has been already used, duplicate ignored
<to be read again> 
                   \relax 
l.39 ...gramme de classes}}{48}{figure.caption.38}
                                                  % [6]
pdfTeX warning (ext4): destination with the same identifier (name{page.}) has been already used, duplicate ignored
<to be read again> 
                   \relax 
l.65 ...res de recherche"}}{94}{figure.caption.66}
                                                  % [7])
\tf@lof=\write6
\openout6 = `main.lof'.

 (main.lot)
\tf@lot=\write7
\openout7 = `main.lot'.


pdfTeX warning (ext4): destination with the same identifier (name{page.}) has been already used, duplicate ignored
<to be read again> 
                   \relax 
l.95 \newpage
              [8] (introduction.tex
Chapitre 1.
LaTeX Font Info:    Trying to load font information for OT1+phv on input line 1.
(C:\Users\Aaron\AppData\Local\Programs\MiKTeX\tex/latex/psnfss\ot1phv.fd
File: ot1phv.fd 2020/03/25 scalable font definitions for OT1/phv.
)
LaTeX Font Info:    Trying to load font information for OT1+ptm on input line 1.
 (C:\Users\Aaron\AppData\Local\Programs\MiKTeX\tex/latex/psnfss\ot1ptm.fd
File: ot1ptm.fd 2001/06/04 font definitions for OT1/ptm.
)
pdfTeX warning (ext4): destination with the same identifier (name{page.1}) has been already used, duplicate ignored
<to be read again> 
                   \relax 
l.6 \newpage
             [1

{C:/Users/Aaron/AppData/Local/Programs/MiKTeX/fonts/enc/dvips/base/8r.enc}] [2]) (etudedeprojet/etudedeprojet1.tex
LaTeX Font Info:    Trying to load font information for TS1+lmr on input line 10.
 (C:\Users\Aaron\AppData\Local\Programs\MiKTeX\tex/latex/lm\ts1lmr.fd
File: ts1lmr.fd 2015/05/01 v1.6.1 Font defs for Latin Modern
) (etudedeprojet/presentationdelentreprise.tex
<logos/axam.png, id=690, 501.875pt x 501.875pt>
File: logos/axam.png Graphic file (type png)
<use logos/axam.png>
Package pdftex.def Info: logos/axam.png  used on input line 8.
(pdftex.def)             Requested size: 157.57297pt x 157.57071pt.


LaTeX Font Warning: Font shape `T1/lmr/bx/sc' undefined
(Font)              using `T1/lmr/bx/n' instead on input line 9.

[3{C:/Users/Aaron/AppData/Local/Programs/MiKTeX/fonts/enc/dvips/lm/lm-ts1.enc}]
LaTeX Font Info:    External font `lmex10' loaded for size
(Font)              <12> on input line 15.
LaTeX Font Info:    External font `lmex10' loaded for size
(Font)              <8> on input line 15.
LaTeX Font Info:    External font `lmex10' loaded for size
(Font)              <6> on input line 15.
) (etudedeprojet/etudedelexistant.tex [4 <./logos/axam.png>]
File: logos/jumia.png Graphic file (type png)
<use logos/jumia.png>
Package pdftex.def Info: logos/jumia.png  used on input line 23.
(pdftex.def)             Requested size: 113.80379pt x 99.57832pt.

Underfull \hbox (badness 10000) in paragraph at lines 23--23
\T1/lmr/m/n/12 gé-né-ra-lisé et ra-pide
 []


Underfull \hbox (badness 1221) in paragraph at lines 23--23
\T1/lmr/m/n/12 ges-tions si le pro-duit
 []

File: logos/tunisianet.png Graphic file (type png)
<use logos/tunisianet.png>
Package pdftex.def Info: logos/tunisianet.png  used on input line 23.
(pdftex.def)             Requested size: 113.81412pt x 99.5852pt.

Underfull \hbox (badness 1253) in paragraph at lines 23--23
\T1/lmr/m/n/12 pro-po-sant une va-riété
 []


Underfull \hbox (badness 1221) in paragraph at lines 23--23
\T1/lmr/m/n/12 ges-tions si le pro-duit
 []

File: logos/wamia.png Graphic file (type png)
<use logos/wamia.png>
Package pdftex.def Info: logos/wamia.png  used on input line 23.
(pdftex.def)             Requested size: 113.80379pt x 99.58061pt.

Underfull \hbox (badness 1221) in paragraph at lines 23--23
\T1/lmr/m/n/12 ges-tions si le pro-duit
 []

[5 <./logos/jumia.png> <./logos/tunisianet.png> <./logos/wamia.png (PNG copy)>] [6{C:/Users/Aaron/AppData/Local/Programs/MiKTeX/fonts/enc/dvips/lm/lm-mathsy.enc}]) (etudedeprojet/methodologie.tex [7] [8]
LaTeX Font Info:    External font `lmex10' loaded for size
(Font)              <10.95> on input line 28.
<logos/scrum.png, id=730, 918.43124pt x 434.62375pt>
File: logos/scrum.png Graphic file (type png)
<use logos/scrum.png>
Package pdftex.def Info: logos/scrum.png  used on input line 37.
(pdftex.def)             Requested size: 525.23788pt x 248.56708pt.
 [9 <./logos/scrum.png>] [10])) (approchesproposes/approches.tex
Chapitre 2.
[11

] [12]
<logos/fullprocess.png, id=762, 8500.75874pt x 2950.02126pt>
File: logos/fullprocess.png Graphic file (type png)
<use logos/fullprocess.png>
Package pdftex.def Info: logos/fullprocess.png  used on input line 28.
(pdftex.def)             Requested size: 525.23788pt x 182.26024pt.
 [13 <./logos/fullprocess.png>]
<logos/cosine.png, id=769, 1027.84pt x 645.41125pt>
File: logos/cosine.png Graphic file (type png)
<use logos/cosine.png>
Package pdftex.def Info: logos/cosine.png  used on input line 54.
(pdftex.def)             Requested size: 525.23788pt x 329.81522pt.
 [14{C:/Users/Aaron/AppData/Local/Programs/MiKTeX/fonts/enc/dvips/lm/lm-rm.enc}{C:/Users/Aaron/AppData/Local/Programs/MiKTeX/fonts/enc/dvips/lm/lm-mathit.enc}{C:/Users/Aaron/AppData/Local/Programs/MiKTeX/fonts/enc/dvips/lm/lm-mathex.enc}] [15 <./logos/cosine.png>]
Overfull \hbox (0.37564pt too wide) in paragraph at lines 64--64
|[]\T1/lmr/bx/n/20.74 Utilisation d'un mo-déle Sentence-Transformers| 
 []

<logos/paddingexplanation.png, id=788, 1075.01625pt x 911.405pt>
File: logos/paddingexplanation.png Graphic file (type png)
<use logos/paddingexplanation.png>
Package pdftex.def Info: logos/paddingexplanation.png  used on input line 75.
(pdftex.def)             Requested size: 525.23788pt x 445.29901pt.
[16]
<logos/padding.png, id=795, 218.48291pt x 265.32458pt>
File: logos/padding.png Graphic file (type png)
<use logos/padding.png>
Package pdftex.def Info: logos/padding.png  used on input line 85.
(pdftex.def)             Requested size: 525.23788pt x 637.97417pt.
 [17 <./logos/paddingexplanation.png>] [18 <./logos/padding.png>]
<logos/mean_pooling.png, id=807, 697.60625pt x 246.9225pt>
File: logos/mean_pooling.png Graphic file (type png)
<use logos/mean_pooling.png>
Package pdftex.def Info: logos/mean_pooling.png  used on input line 106.
(pdftex.def)             Requested size: 525.23788pt x 185.92233pt.
 [19 <./logos/mean_pooling.png>]
<logos/max_pooling.png, id=814, 1395.2125pt x 497.86pt>
File: logos/max_pooling.png Graphic file (type png)
<use logos/max_pooling.png>
Package pdftex.def Info: logos/max_pooling.png  used on input line 121.
(pdftex.def)             Requested size: 525.23788pt x 187.41872pt.
 [20 <./logos/max_pooling.png>]
<logos/min_pooling.png, id=821, 1782.66pt x 975.645pt>
File: logos/min_pooling.png Graphic file (type png)
<use logos/min_pooling.png>
Package pdftex.def Info: logos/min_pooling.png  used on input line 133.
(pdftex.def)             Requested size: 525.23788pt x 287.45549pt.
) (sprint0/introduction.tex [21 <./logos/min_pooling.png>]
Chapitre 3.
[22

] (sprint0/identificationdesbesoins.tex [23] [24]) (sprint0/diagcuglobal.tex
<logos/CU_global.png, id=859, 1235.61626pt x 744.7825pt>
File: logos/CU_global.png Graphic file (type png)
<use logos/CU_global.png>
Package pdftex.def Info: logos/CU_global.png  used on input line 17.
(pdftex.def)             Requested size: 525.23788pt x 316.60225pt.
) (sprint0/backlogduproduit.tex
Underfull \hbox (badness 10000) in paragraph at lines 2--9

 []

[25 <./logos/CU_global.png>]
Overfull \hbox (25.19566pt too wide) in paragraph at lines 12--31
 [][] 
 []

) (sprint0/plannificationderelease.tex [26]) (sprint0/architecture.tex [27] [28] [29]
<logos/mvcavecservice.png, id=882, 1187.43625pt x 696.6025pt>
File: logos/mvcavecservice.png Graphic file (type png)
<use logos/mvcavecservice.png>
Package pdftex.def Info: logos/mvcavecservice.png  used on input line 35.
(pdftex.def)             Requested size: 525.23788pt x 308.13232pt.
<logos/mvcechange.png, id=884, 698.61pt x 387.4475pt>
File: logos/mvcechange.png Graphic file (type png)
<use logos/mvcechange.png>
Package pdftex.def Info: logos/mvcechange.png  used on input line 45.
(pdftex.def)             Requested size: 525.23788pt x 291.31207pt.
 [30 <./logos/mvcavecservice.png> <./logos/mvcechange.png (PNG copy)>]
Underfull \hbox (badness 10000) in paragraph at lines 54--56

 []

<logos/clean_architecture.png, id=891, 670.54639pt x 372.52577pt>
File: logos/clean_architecture.png Graphic file (type png)
<use logos/clean_architecture.png>
Package pdftex.def Info: logos/clean_architecture.png  used on input line 71.
(pdftex.def)             Requested size: 525.23788pt x 291.81378pt.
[31]) (sprint0/environmentdev.tex
Overfull \hbox (24.76073pt too wide) in paragraph at lines 1--1
|[]\T1/lmr/bx/n/20.74 L'environnement de dé-ve-lop-pe-ment et choix tech-
 []

[32 <./logos/clean_architecture.png (PNG copy)>] [33]
<logos/vs.png, id=909, 3854.4pt x 2168.1pt>
File: logos/vs.png Graphic file (type png)
<use logos/vs.png>
Package pdftex.def Info: logos/vs.png  used on input line 36.
(pdftex.def)             Requested size: 157.57297pt x 88.628pt.
<logos/vsc.png, id=911, 298.02061pt x 298.02061pt>
File: logos/vsc.png Graphic file (type png)
<use logos/vsc.png>
Package pdftex.def Info: logos/vsc.png  used on input line 47.
(pdftex.def)             Requested size: 157.57297pt x 157.57272pt.
 [34 <./logos/vs.png>]
<logos/csharp.png, id=918, 268.00125pt x 301.125pt>
File: logos/csharp.png Graphic file (type png)
<use logos/csharp.png>
Package pdftex.def Info: logos/csharp.png  used on input line 57.
(pdftex.def)             Requested size: 157.57297pt x 177.0465pt.
<logos/dotnetcore.png, id=920, 1204.5pt x 1204.5pt>
File: logos/dotnetcore.png Graphic file (type png)
<use logos/dotnetcore.png>
Package pdftex.def Info: logos/dotnetcore.png  used on input line 68.
(pdftex.def)             Requested size: 157.57297pt x 157.56459pt.
 [35 <./logos/vsc.png (PNG copy)> <./logos/csharp.png>]
<logos/pypng.png, id=927, 1876.00874pt x 2055.68pt>
File: logos/pypng.png Graphic file (type png)
<use logos/pypng.png>
Package pdftex.def Info: logos/pypng.png  used on input line 78.
(pdftex.def)             Requested size: 157.57297pt x 172.64458pt.
<logos/jupyter.png, id=929, 1773.62625pt x 2055.68pt>
File: logos/jupyter.png Graphic file (type png)
<use logos/jupyter.png>
Package pdftex.def Info: logos/jupyter.png  used on input line 88.
(pdftex.def)             Requested size: 157.57297pt x 182.61931pt.
 [36 <./logos/dotnetcore.png> <./logos/pypng.png>]
<logos/flask.png, id=937, 1284.8pt x 502.87875pt>
File: logos/flask.png Graphic file (type png)
<use logos/flask.png>
Package pdftex.def Info: logos/flask.png  used on input line 99.
(pdftex.def)             Requested size: 157.57297pt x 61.67032pt.
<logos/react.png, id=939, 4111.36pt x 4111.36pt>
File: logos/react.png Graphic file (type png)
<use logos/react.png>
Package pdftex.def Info: logos/react.png  used on input line 110.
(pdftex.def)             Requested size: 157.57297pt x 157.52562pt.
 [37 <./logos/jupyter.png> <./logos/flask.png>]
<logos/typescript.png, id=947, 3011.25pt x 3011.25pt>
File: logos/typescript.png Graphic file (type png)
<use logos/typescript.png>
Package pdftex.def Info: logos/typescript.png  used on input line 120.
(pdftex.def)             Requested size: 157.57297pt x 157.5554pt.
<logos/docker.png, id=949, 3854.4pt x 2168.1pt>
File: logos/docker.png Graphic file (type png)
<use logos/docker.png>
Package pdftex.def Info: logos/docker.png  used on input line 131.
(pdftex.def)             Requested size: 157.57297pt x 88.628pt.
 [38 <./logos/react.png> <./logos/typescript.png>]
<logos/elasticsearch.png, id=957, 2569.6pt x 564.1075pt>
File: logos/elasticsearch.png Graphic file (type png)
<use logos/elasticsearch.png>
Package pdftex.def Info: logos/elasticsearch.png  used on input line 143.
(pdftex.def)             Requested size: 157.57297pt x 34.58524pt.
<logos/kibana.png, id=959, 1005.49565pt x 1005.49565pt>
File: logos/kibana.png Graphic file (type png)
<use logos/kibana.png>
Package pdftex.def Info: logos/kibana.png  used on input line 154.
(pdftex.def)             Requested size: 157.57297pt x 157.56859pt.
<logos/postman.png, id=961, 317.5062pt x 96.36pt>
File: logos/postman.png Graphic file (type png)
<use logos/postman.png>
Package pdftex.def Info: logos/postman.png  used on input line 164.
(pdftex.def)             Requested size: 157.57297pt x 47.82257pt.
 [39 <./logos/docker.png> <./logos/elasticsearch.png> <./logos/kibana.png>]
<logos/overleaf.png, id=971, 845.3181pt x 279.9258pt>
File: logos/overleaf.png Graphic file (type png)
<use logos/overleaf.png>
Package pdftex.def Info: logos/overleaf.png  used on input line 175.
(pdftex.def)             Requested size: 157.57297pt x 52.17842pt.
<logos/latex.png, id=973, 2569.6pt x 1071.00125pt>
File: logos/latex.png Graphic file (type png)
<use logos/latex.png>
Package pdftex.def Info: logos/latex.png  used on input line 185.
(pdftex.def)             Requested size: 157.57297pt x 65.66272pt.
 [40 <./logos/postman.png> <./logos/overleaf.png> <./logos/latex.png>]
<logos/vp.png, id=982, 433.62pt x 117.43875pt>
File: logos/vp.png Graphic file (type png)
<use logos/vp.png>
Package pdftex.def Info: logos/vp.png  used on input line 197.
(pdftex.def)             Requested size: 157.57297pt x 42.67572pt.
 [41 <./logos/vp.png>]
<logos/deployment.png, id=989, 1273.14pt x 690.03pt>
File: logos/deployment.png Graphic file (type png)
<use logos/deployment.png>
Package pdftex.def Info: logos/deployment.png  used on input line 211.
(pdftex.def)             Requested size: 525.23788pt x 284.67247pt.
)) (sprint1/introduction.tex [42 <./logos/deployment.png (PNG copy)>]
Chapitre 4.
[43

]
<logos/cusprint1.png, id=1018, 700.6175pt x 426.59375pt>
File: logos/cusprint1.png Graphic file (type png)
<use logos/cusprint1.png>
Package pdftex.def Info: logos/cusprint1.png  used on input line 35.
(pdftex.def)             Requested size: 525.23788pt x 319.82735pt.
 [44] [45 <./logos/cusprint1.png>] [46]
<logos/seqsprint1.png, id=1042, 1484.01pt x 681.12pt>
File: logos/seqsprint1.png Graphic file (type png)
<use logos/seqsprint1.png>
Package pdftex.def Info: logos/seqsprint1.png  used on input line 84.
(pdftex.def)             Requested size: 525.23788pt x 241.06657pt.
 [47 <./logos/seqsprint1.png (PNG copy)>]
<logos/class.png, id=1056, 1584.0pt x 727.65pt>
File: logos/class.png Graphic file (type png)
<use logos/class.png>
Package pdftex.def Info: logos/class.png  used on input line 101.
(pdftex.def)             Requested size: 525.23788pt x 241.27995pt.
<logos/class2.png, id=1057, 736.56pt x 717.75pt>
File: logos/class2.png Graphic file (type png)
<use logos/class2.png>
Package pdftex.def Info: logos/class2.png  used on input line 107.
(pdftex.def)             Requested size: 525.23788pt x 511.86217pt.
 [48 <./logos/class.png (PNG copy)>]
LaTeX Font Info:    External font `lmex10' loaded for size
(Font)              <17.28> on input line 123.
 [49 <./logos/class2.png (PNG copy)>] [50] [51]
<logos/index_mapping.png, id=1077, 1076.02pt x 1176.395pt>
File: logos/index_mapping.png Graphic file (type png)
<use logos/index_mapping.png>
Package pdftex.def Info: logos/index_mapping.png  used on input line 227.
(pdftex.def)             Requested size: 525.23492pt x 574.23071pt.
 [52] [53 <./logos/index_mapping.png>]
Overfull \hbox (18.59705pt too wide) in paragraph at lines 236--236
|[]\T1/lmr/bx/n/17.28 Le mo-déle Sentence-Transformers et en-co-dage des phrases| 
 []

<logos/import_model.png, id=1088, 1124.2pt x 614.295pt>
File: logos/import_model.png Graphic file (type png)
<use logos/import_model.png>
Package pdftex.def Info: logos/import_model.png  used on input line 242.
(pdftex.def)             Requested size: 525.23492pt x 287.00336pt.
[54 <./logos/import_model.png>]
<logos/tokenisation.png, id=1095, 991.705pt x 862.22125pt>
File: logos/tokenisation.png Graphic file (type png)
<use logos/tokenisation.png>
Package pdftex.def Info: logos/tokenisation.png  used on input line 253.
(pdftex.def)             Requested size: 472.71088pt x 410.9934pt.
 [55 <./logos/tokenisation.png>] [56]
File: logos/mean_pooling.png Graphic file (type png)
<use logos/mean_pooling.png>
Package pdftex.def Info: logos/mean_pooling.png  used on input line 283.
(pdftex.def)             Requested size: 472.71088pt x 167.32106pt.
<logos/mean_pooling_method.png, id=1114, 1603.9925pt x 815.045pt>
File: logos/mean_pooling_method.png Graphic file (type png)
<use logos/mean_pooling_method.png>
Package pdftex.def Info: logos/mean_pooling_method.png  used on input line 293.
(pdftex.def)             Requested size: 472.71088pt x 240.19989pt.
 [57 <./logos/mean_pooling_method.png>]
<logos/encode_sentence.png, id=1123, 1919.17pt x 1055.945pt>
File: logos/encode_sentence.png Graphic file (type png)
<use logos/encode_sentence.png>
Package pdftex.def Info: logos/encode_sentence.png  used on input line 324.
(pdftex.def)             Requested size: 525.23788pt x 288.99205pt.
 [58]
<logos/vectors.png, id=1132, 1907.125pt x 413.545pt>
File: logos/vectors.png Graphic file (type png)
<use logos/vectors.png>
Package pdftex.def Info: logos/vectors.png  used on input line 335.
(pdftex.def)             Requested size: 525.23788pt x 113.89244pt.
 [59 <./logos/encode_sentence.png>]
<logos/encodedvectors.png, id=1139, 497.86pt x 187.70125pt>
File: logos/encodedvectors.png Graphic file (type png)
<use logos/encodedvectors.png>
Package pdftex.def Info: logos/encodedvectors.png  used on input line 345.
(pdftex.def)             Requested size: 525.23788pt x 198.04013pt.
<logos/insert_into_elastic.png, id=1141, 1648.1575pt x 1096.095pt>
File: logos/insert_into_elastic.png Graphic file (type png)
<use logos/insert_into_elastic.png>
Package pdftex.def Info: logos/insert_into_elastic.png  used on input line 356.
(pdftex.def)             Requested size: 525.23788pt x 349.30249pt.
 [60 <./logos/vectors.png> <./logos/encodedvectors.png>]
<logos/knnsearch.png, id=1149, 2296.58pt x 1336.995pt>
File: logos/knnsearch.png Graphic file (type png)
<use logos/knnsearch.png>
Package pdftex.def Info: logos/knnsearch.png  used on input line 368.
(pdftex.def)             Requested size: 525.23788pt x 305.76831pt.
 [61 <./logos/insert_into_elastic.png>] [62 <./logos/knnsearch.png>]
<logos/vectorsearch.png, id=1165, 6579.58125pt x 3711.8675pt>
File: logos/vectorsearch.png Graphic file (type png)
<use logos/vectorsearch.png>
Package pdftex.def Info: logos/vectorsearch.png  used on input line 428.
(pdftex.def)             Requested size: 525.23788pt x 296.2758pt.
 [63]
<logos/returnencodedvector.png, id=1171, 2069.7325pt x 694.595pt>
File: logos/returnencodedvector.png Graphic file (type png)
<use logos/returnencodedvector.png>
Package pdftex.def Info: logos/returnencodedvector.png  used on input line 438.
(pdftex.def)             Requested size: 525.23788pt x 176.26619pt.
 [64 <./logos/vectorsearch.png> <./logos/returnencodedvector.png>]) (sprint2/introduction.tex [65]
Chapitre 5.
[66

] (sprint2/diagcugenerale.tex
<logos/cusprint2.png, id=1205, 739.76375pt x 549.05125pt>
File: logos/cusprint2.png Graphic file (type png)
<use logos/cusprint2.png>
Package pdftex.def Info: logos/cusprint2.png  used on input line 7.
(pdftex.def)             Requested size: 525.23788pt x 389.82912pt.
 [67] [68 <./logos/cusprint2.png>] [69] [70]) (sprint2/diagseq.tex [71]
<logos/seqsprint2.png, id=1264, 2027.52pt x 1164.24pt>
File: logos/seqsprint2.png Graphic file (type png)
<use logos/seqsprint2.png>
Package pdftex.def Info: logos/seqsprint2.png  used on input line 11.
(pdftex.def)             Requested size: 525.23788pt x 301.59384pt.
 [72 <./logos/seqsprint2.png (PNG copy)>] [73]
<logos/dictionary.png, id=1279, 790.955pt x 815.045pt>
File: logos/dictionary.png Graphic file (type png)
<use logos/dictionary.png>
Package pdftex.def Info: logos/dictionary.png  used on input line 53.
(pdftex.def)             Requested size: 315.14594pt x 324.74368pt.
LaTeX Font Info:    Trying to load font information for T1+lmtt on input line 59.
 (C:\Users\Aaron\AppData\Local\Programs\MiKTeX\tex/latex/lm\t1lmtt.fd
File: t1lmtt.fd 2015/05/01 v1.6.1 Font defs for Latin Modern
) [74 <./logos/dictionary.png>] [75]
Overfull \hbox (8.91885pt too wide) in paragraph at lines 79--82
\T1/lmr/m/n/17.28 La mé-thode \T1/lmtt/m/n/17.28 re.search(r"[\u0000-\u00FF]", s) \T1/lmr/m/n/17.28 re-cherche dans la chaîne
 []

<logos/islatin.png, id=1298, 2284.535pt x 413.545pt>
File: logos/islatin.png Graphic file (type png)
<use logos/islatin.png>
Package pdftex.def Info: logos/islatin.png  used on input line 92.
(pdftex.def)             Requested size: 525.23788pt x 95.07549pt.
[76] [77 <./logos/islatin.png>]
<logos/findbestmatch.png, id=1315, 1411.2725pt x 574.145pt>
File: logos/findbestmatch.png Graphic file (type png)
<use logos/findbestmatch.png>
Package pdftex.def Info: logos/findbestmatch.png  used on input line 118.
(pdftex.def)             Requested size: 525.23788pt x 213.6831pt.
 [78 <./logos/findbestmatch.png>] [79] [80] [81]
<logos/translate.png, id=1344, 1543.7675pt x 1216.545pt>
File: logos/translate.png Graphic file (type png)
<use logos/translate.png>
Package pdftex.def Info: logos/translate.png  used on input line 166.
(pdftex.def)             Requested size: 525.23788pt x 413.89827pt.
 [82 <./logos/translate.png>]
<logos/encodeendpoint.png, id=1354, 1497.595pt x 935.495pt>
File: logos/encodeendpoint.png Graphic file (type png)
<use logos/encodeendpoint.png>
Package pdftex.def Info: logos/encodeendpoint.png  used on input line 184.
(pdftex.def)             Requested size: 525.23788pt x 328.09904pt.
 [83 <./logos/encodeendpoint.png>]
Overfull \hbox (0.8933pt too wide) in paragraph at lines 191--191
|[]\T1/lmr/bx/n/20.74 Processus com-plèt de re-cherche vec-to-rielle avec
 []

<logos/fullprocesswithtranslation.png, id=1362, 8500.75874pt x 4865.17625pt>
File: logos/fullprocesswithtranslation.png Graphic file (type png)
<use logos/fullprocesswithtranslation.png>
Package pdftex.def Info: logos/fullprocesswithtranslation.png  used on input line 196.
(pdftex.def)             Requested size: 525.23788pt x 300.58365pt.
[84 <./logos/fullprocesswithtranslation.png>])) (sprint3/introduction.tex [85] [86]
Chapitre 6.

Overfull \hbox (2.10774pt too wide) in paragraph at lines 4--4
 [][] [][][]\T1/lmr/m/n/17.28 Diagramme de cas d'uti-li-sa-tion du CU "Mo-di-fier pa-ra-métres 
 []

[87

] [88]
<logos/cusprint3.png, id=1407, 638.385pt x 359.3425pt>
File: logos/cusprint3.png Graphic file (type png)
<use logos/cusprint3.png>
Package pdftex.def Info: logos/cusprint3.png  used on input line 35.
(pdftex.def)             Requested size: 525.23788pt x 295.6552pt.
<logos/consultertb.png, id=1408, 1187.43625pt x 664.4825pt>
File: logos/consultertb.png Graphic file (type png)
<use logos/consultertb.png>
Package pdftex.def Info: logos/consultertb.png  used on input line 43.
(pdftex.def)             Requested size: 525.23788pt x 293.92448pt.
 [89 <./logos/cusprint3.png>] [90 <./logos/consultertb.png>] [91] [92] [93]
<logos/modifierparametres.png, id=1467, 2055.68pt x 712.6625pt>
File: logos/modifierparametres.png Graphic file (type png)
<use logos/modifierparametres.png>
Package pdftex.def Info: logos/modifierparametres.png  used on input line 151.
(pdftex.def)             Requested size: 525.24226pt x 289.07259pt.
File: logos/consultertb.png Graphic file (type png)
<use logos/consultertb.png>
Package pdftex.def Info: logos/consultertb.png  used on input line 159.
(pdftex.def)             Requested size: 525.23788pt x 293.92448pt.
 [94 <./logos/modifierparametres.png>]
<logos/sauthentifier.png, id=1473, 1109.14375pt x 652.4375pt>
File: logos/sauthentifier.png Graphic file (type png)
<use logos/sauthentifier.png>
Package pdftex.def Info: logos/sauthentifier.png  used on input line 167.
(pdftex.def)             Requested size: 525.23788pt x 308.96527pt.
 (sprint3/tableaudebord.tex [95 <./logos/sauthentifier.png>] [96]
Underfull \hbox (badness 10000) in paragraph at lines 30--31
[]|\T1/lmr/m/n/12 Similarité entre le
 []


Underfull \hbox (badness 1354) in paragraph at lines 32--32
[]|\T1/lmr/m/n/12 Mesure les mots les
 []


Underfull \hbox (badness 7851) in paragraph at lines 32--33
\T1/lmr/m/n/12 pour-cen-tage) re-cher-
 []


Underfull \hbox (badness 10000) in paragraph at lines 40--42

 []

[97]
<logos/dashboard.png, id=1491, 1663.21375pt x 859.21pt>
File: logos/dashboard.png Graphic file (type png)
<use logos/dashboard.png>
Package pdftex.def Info: logos/dashboard.png  used on input line 48.
(pdftex.def)             Requested size: 525.23788pt x 271.33434pt.
 [98 <./logos/dashboard.png>]
<logos/knnsearchform.png, id=1498, 789.95125pt x 845.1575pt>
File: logos/knnsearchform.png Graphic file (type png)
<use logos/knnsearchform.png>
Package pdftex.def Info: logos/knnsearchform.png  used on input line 59.
(pdftex.def)             Requested size: 525.23788pt x 561.94531pt.
 [99 <./logos/knnsearchform.png>]
<logos/login.png, id=1506, 638.385pt x 476.78125pt>
File: logos/login.png Graphic file (type png)
<use logos/login.png>
Package pdftex.def Info: logos/login.png  used on input line 70.
(pdftex.def)             Requested size: 525.23788pt x 392.27994pt.
)) (conclusionetperspectives.tex [100 <./logos/login.png>]) [101

] [102

] [103] (abstract.tex)
Overfull \hbox (11.7021pt too wide) in paragraph at lines 50--122
 \T1/lmr/bx/n/14.4 Mots clés--- \T1/lmr/m/n/14.4 Re-cherche Vec-to-rielle, Elas-tic-search, Sentence-Transformers, Fine-Tuning,
 []


pdfTeX warning (ext4): destination with the same identifier (name{page.}) has been already used, duplicate ignored
<to be read again> 
                   \relax 
l.123 \end{document}
                     [1] (main.aux (couverture.aux))
 ***********
LaTeX2e <2023-11-01>
L3 programming layer <2023-11-09>
 ***********


LaTeX Font Warning: Some font shapes were not available, defaults substituted.

Package rerunfilecheck Info: File `main.out' has not changed.
(rerunfilecheck)             Checksum: E240B9A94714DA739E2D445793A072A1;19847.
Package logreq Info: Writing requests to 'main.run.xml'.
\openout1 = `main.run.xml'.

 )
(\end occurred inside a group at level 1)

### semi simple group (level 1) entered at line 84 (\begingroup)
### bottom level 
Here is how much of TeX's memory you used:
 27095 strings out of 474587
 480395 string characters out of 5745701
 1964558 words of memory out of 5000000
 48397 multiletter control sequences out of 15000+600000
 682224 words of font info for 98 fonts, out of 8000000 for 9000
 1141 hyphenation exceptions out of 8191
 66i,14n,81p,1242b,2732s stack positions out of 10000i,1000n,20000p,200000b,200000s
<C:/Users/Aaron/AppData/Local/Programs/MiKTeX/fonts/type1/public/lm/lmbx10.pfb><C:/Users/Aaron/AppData/Local/Programs/MiKTeX/fonts/type1/public/lm/lmbx12.pfb><C:/Users/Aaron/AppData/Local/Programs/MiKTeX/fonts/type1/public/lm/lmbxi10.pfb><C:/Users/Aaron/AppData/Local/Programs/MiKTeX/fonts/type1/public/lm/lmcsc10.pfb><C:/Users/Aaron/AppData/Local/Programs/MiKTeX/fonts/type1/public/lm/lmex10.pfb><C:/Users/Aaron/AppData/Local/Programs/MiKTeX/fonts/type1/public/lm/lmmi10.pfb><C:/Users/Aaron/AppData/Local/Programs/MiKTeX/fonts/type1/public/lm/lmmi12.pfb><C:/Users/Aaron/AppData/Local/Programs/MiKTeX/fonts/type1/public/lm/lmr10.pfb><C:/Users/Aaron/AppData/Local/Programs/MiKTeX/fonts/type1/public/lm/lmr12.pfb><C:/Users/Aaron/AppData/Local/Programs/MiKTeX/fonts/type1/public/lm/lmr17.pfb><C:/Users/Aaron/AppData/Local/Programs/MiKTeX/fonts/type1/public/lm/lmri10.pfb><C:/Users/Aaron/AppData/Local/Programs/MiKTeX/fonts/type1/public/lm/lmri12.pfb><C:/Users/Aaron/AppData/Local/Programs/MiKTeX/fonts/type1/public/lm/lmsy10.pfb><C:/Users/Aaron/AppData/Local/Programs/MiKTeX/fonts/type1/public/lm/lmtt12.pfb><C:/Users/Aaron/AppData/Local/Programs/MiKTeX/fonts/type1/urw/helvetic/uhvr8a.pfb><C:/Users/Aaron/AppData/Local/Programs/MiKTeX/fonts/type1/urw/times/utmr8a.pfb>
Output written on main.pdf (114 pages, 10178631 bytes).
PDF statistics:
 1747 PDF objects out of 2073 (max. 8388607)
 431 named destinations out of 1000 (max. 500000)
 1073 words of extra memory for PDF output out of 10000 (max. 10000000)

