\BOOKMARK [0][-]{chapter.1}{\376\377\000I\000n\000t\000r\000o\000d\000u\000c\000t\000i\000o\000n\000\040\000G\000\351\000n\000\351\000r\000a\000l\000e}{}% 1
\BOOKMARK [1][-]{section.1.1}{\376\377\000\311\000t\000u\000d\000e\000\040\000d\000u\000\040\000p\000r\000o\000j\000e\000t}{chapter.1}% 2
\BOOKMARK [2][-]{subsection.1.1.1}{\376\377\000I\000n\000t\000r\000o\000d\000u\000c\000t\000i\000o\000n}{section.1.1}% 3
\BOOKMARK [2][-]{subsection.1.1.2}{\376\377\000C\000a\000d\000r\000e\000\040\000d\000u\000\040\000p\000r\000o\000j\000e\000t}{section.1.1}% 4
\BOOKMARK [1][-]{section.1.2}{\376\377\000P\000r\000\351\000s\000e\000n\000t\000a\000t\000i\000o\000n\000\040\000d\000e\000\040\000l\000'\000e\000n\000t\000r\000e\000p\000r\000i\000s\000e}{chapter.1}% 5
\BOOKMARK [2][-]{subsection.1.2.1}{\376\377\000S\000e\000c\000t\000e\000u\000r\000s\000\040\000d\040\031\000a\000c\000t\000i\000v\000i\000t\000\351}{section.1.2}% 6
\BOOKMARK [1][-]{section.1.3}{\376\377\000E\000t\000u\000d\000e\000\040\000d\000e\000\040\000l\000'\000\351\000x\000i\000s\000t\000a\000n\000t}{chapter.1}% 7
\BOOKMARK [2][-]{subsection.1.3.1}{\376\377\000A\000n\000a\000l\000y\000s\000e\000\040\000d\000e\000\040\000l\000'\000e\000x\000i\000s\000t\000a\000n\000t}{section.1.3}% 8
\BOOKMARK [2][-]{subsection.1.3.2}{\376\377\000C\000r\000i\000t\000i\000q\000u\000e\000\040\000d\000e\000\040\000l\000'\000\351\000x\000i\000s\000t\000a\000n\000t}{section.1.3}% 9
\BOOKMARK [1][-]{section.1.4}{\376\377\000L\000e\000s\000\040\000S\000o\000l\000u\000t\000i\000o\000n\000s}{chapter.1}% 10
\BOOKMARK [1][-]{section.1.5}{\376\377\000M\000\351\000t\000h\000o\000d\000o\000l\000o\000g\000i\000e\000\040\000d\000u\000\040\000d\000\351\000v\000e\000l\000o\000p\000p\000e\000m\000e\000n\000t}{chapter.1}% 11
\BOOKMARK [2][-]{subsection.1.5.1}{\376\377\000I\000n\000t\000r\000o\000d\000u\000c\000t\000i\000o\000n}{section.1.5}% 12
\BOOKMARK [2][-]{subsection.1.5.2}{\376\377\000M\000\351\000t\000h\000o\000d\000e\000\040\000A\000d\000o\000p\000t\000\351\000e\000:\000\040\000S\000C\000R\000U\000M}{section.1.5}% 13
\BOOKMARK [2][-]{subsection.1.5.3}{\376\377\000L\000e\000\040\000L\000a\000n\000g\000a\000g\000e\000\040\000U\000M\000L}{section.1.5}% 14
\BOOKMARK [1][-]{section.1.6}{\376\377\000C\000o\000n\000c\000l\000u\000s\000i\000o\000n}{chapter.1}% 15
\BOOKMARK [0][-]{chapter.2}{\376\377\000A\000p\000p\000r\000o\000c\000h\000e\000s\000\040\000P\000r\000o\000p\000o\000s\000\351\000e\000s}{}% 16
\BOOKMARK [1][-]{section.2.1}{\376\377\000I\000n\000t\000r\000o\000d\000u\000c\000t\000i\000o\000n}{chapter.2}% 17
\BOOKMARK [1][-]{section.2.2}{\376\377\000L\000e\000s\000\040\000s\000o\000l\000u\000t\000i\000o\000n\000s\000\040\000p\000o\000s\000s\000i\000b\000l\000e\000s}{chapter.2}% 18
\BOOKMARK [2][-]{subsection.2.2.1}{\376\377\000R\000e\000c\000h\000e\000r\000c\000h\000e\000\040\000R\000\351\000g\000u\000l\000i\000\350\000r\000e}{section.2.2}% 19
\BOOKMARK [2][-]{subsection.2.2.2}{\376\377\000U\000t\000i\000l\000i\000s\000a\000t\000o\000n\000\040\000d\000e\000\040\000b\000a\000s\000e\000\040\000d\000e\000\040\000d\000o\000n\000n\000\350\000e\000s\000\040\000C\000a\000s\000s\000a\000n\000d\000r\000a}{section.2.2}% 20
\BOOKMARK [1][-]{section.2.3}{\376\377\000C\000h\000o\000i\000x\000\040\000d\000'\000a\000p\000p\000r\000o\000c\000h\000e\000\040\000d\000e\000\040\000R\000e\000c\000h\000e\000r\000c\000h\000e\000\040\000V\000e\000c\000t\000o\000r\000i\000e\000l\000l\000e}{chapter.2}% 21
\BOOKMARK [1][-]{section.2.4}{\376\377\000R\000e\000c\000h\000e\000r\000c\000h\000e\000\040\000V\000e\000c\000t\000o\000r\000i\000e\000l\000l\000e}{chapter.2}% 22
\BOOKMARK [1][-]{section.2.5}{\376\377\000E\000l\000a\000s\000t\000i\000c\000s\000e\000a\000r\000c\000h}{chapter.2}% 23
\BOOKMARK [1][-]{section.2.6}{\376\377\000U\000t\000i\000l\000i\000s\000a\000t\000i\000o\000n\000\040\000d\000'\000u\000n\000\040\000m\000o\000d\000\350\000l\000e\000\040\000S\000e\000n\000t\000e\000n\000c\000e\000-\000T\000r\000a\000n\000s\000f\000o\000r\000m\000e\000r\000s}{chapter.2}% 24
\BOOKMARK [2][-]{subsection.2.6.1}{\376\377\000C\000o\000m\000m\000e\000n\000t\000\040\000l\000e\000\040\000m\000o\000d\000\350\000l\000e\000\040\000i\000n\000t\000e\000r\000p\000r\000\350\000t\000e\000\040\000l\000e\000s\000\040\000p\000h\000r\000a\000s\000e\000s\000?}{section.2.6}% 25
\BOOKMARK [2][-]{subsection.2.6.2}{\376\377\000P\000o\000u\000r\000q\000u\000o\000i\000\040\000u\000t\000i\000l\000i\000s\000e\000r\000\040\000M\000e\000a\000n\000\040\000P\000o\000o\000l\000i\000n\000g\000\040\000p\000l\000u\000t\000\364\000t\000\040\000q\000u\000'\000u\000n\000\040\000a\000u\000t\000r\000e\000\040\000t\000y\000p\000e\000\040\000d\000e\000\040\000p\000o\000o\000l\000i\000n\000g\000?}{section.2.6}% 26
\BOOKMARK [1][-]{section.2.7}{\376\377\000C\000o\000n\000c\000l\000u\000s\000i\000o\000n}{chapter.2}% 27
\BOOKMARK [0][-]{chapter.3}{\376\377\000S\000p\000r\000i\000n\000t\000\040\0000\000:\000\040\000P\000l\000a\000n\000i\000f\000i\000c\000a\000t\000i\000o\000n\000\040\000d\000u\000\040\000p\000r\000o\000j\000e\000t}{}% 28
\BOOKMARK [1][-]{section.3.1}{\376\377\000I\000n\000t\000r\000o\000d\000u\000c\000t\000i\000o\000n}{chapter.3}% 29
\BOOKMARK [1][-]{section.3.2}{\376\377\000I\000d\000e\000n\000t\000i\000f\000i\000c\000a\000t\000i\000o\000n\000\040\000d\000e\000s\000\040\000b\000e\000s\000o\000i\000n\000s}{chapter.3}% 30
\BOOKMARK [2][-]{subsection.3.2.1}{\376\377\000L\000e\000s\000\040\000b\000e\000s\000o\000i\000n\000s\000\040\000f\000o\000n\000c\000t\000i\000o\000n\000n\000e\000l\000s}{section.3.2}% 31
\BOOKMARK [2][-]{subsection.3.2.2}{\376\377\000L\000e\000s\000\040\000b\000e\000s\000o\000i\000n\000s\000\040\000n\000o\000n\000\040\000f\000o\000n\000c\000t\000i\000o\000n\000n\000e\000l\000s}{section.3.2}% 32
\BOOKMARK [1][-]{section.3.3}{\376\377\000D\000i\000a\000g\000r\000a\000m\000m\000e\000\040\000d\000e\000\040\000c\000a\000s\000\040\000d\040\031\000u\000t\000i\000l\000i\000s\000a\000t\000i\000o\000n\000\040\000g\000l\000o\000b\000a\000l\000e}{chapter.3}% 33
\BOOKMARK [2][-]{subsection.3.3.1}{\376\377\000I\000n\000t\000r\000o\000d\000u\000c\000t\000i\000o\000n}{section.3.3}% 34
\BOOKMARK [1][-]{section.3.4}{\376\377\000B\000a\000c\000k\000l\000o\000g\000\040\000D\000e\000\040\000P\000r\000o\000d\000u\000i\000t}{chapter.3}% 35
\BOOKMARK [1][-]{section.3.5}{\376\377\000P\000l\000a\000n\000i\000f\000i\000c\000a\000t\000i\000o\000n\000\040\000d\000e\000s\000\040\000s\000p\000r\000i\000n\000t\000s}{chapter.3}% 36
\BOOKMARK [1][-]{section.3.6}{\376\377\000L\000a\000\040\000P\000l\000a\000n\000i\000f\000i\000c\000a\000t\000i\000o\000n\000\040\000D\000e\000\040\000R\000e\000l\000e\000a\000s\000e}{chapter.3}% 37
\BOOKMARK [1][-]{section.3.7}{\376\377\000A\000r\000c\000h\000i\000t\000e\000c\000t\000u\000r\000e\000\040\000d\000u\000\040\000s\000y\000s\000t\000\351\000m\000e}{chapter.3}% 38
\BOOKMARK [2][-]{subsection.3.7.1}{\376\377\000A\000r\000c\000h\000i\000t\000e\000c\000t\000u\000r\000e\000\040\000"\000M\000V\000C\000\040\000A\000v\000e\000c\000\040\000M\000i\000c\000r\000o\000s\000e\000r\000v\000i\000c\000e\000s\000"}{section.3.7}% 39
\BOOKMARK [2][-]{subsection.3.7.2}{\376\377\000A\000r\000c\000h\000i\000t\000e\000c\000t\000u\000r\000e\000\040\000"\000C\000l\000e\000a\000n\000\040\000A\000r\000c\000h\000i\000t\000e\000c\000t\000u\000r\000e\000"}{section.3.7}% 40
\BOOKMARK [1][-]{section.3.8}{\376\377\000L\000'\000e\000n\000v\000i\000r\000o\000n\000n\000e\000m\000e\000n\000t\000\040\000d\000e\000\040\000d\000\351\000v\000e\000l\000o\000p\000p\000e\000m\000e\000n\000t\000\040\000e\000t\000\040\000c\000h\000o\000i\000x\000\040\000t\000e\000c\000h\000n\000i\000q\000u\000e\000s\000:\000\040}{chapter.3}% 41
\BOOKMARK [2][-]{subsection.3.8.1}{\376\377\000I\000n\000t\000r\000o\000d\000u\000c\000t\000i\000o\000n}{section.3.8}% 42
\BOOKMARK [2][-]{subsection.3.8.2}{\376\377\000L\000'\000e\000n\000v\000i\000r\000o\000n\000n\000e\000m\000e\000n\000t\000\040\000m\000a\000t\000\351\000r\000i\000e\000l}{section.3.8}% 43
\BOOKMARK [2][-]{subsection.3.8.3}{\376\377\000L\000'\000e\000n\000v\000i\000r\000o\000n\000n\000e\000m\000e\000n\000t\000\040\000l\000o\000g\000i\000c\000i\000e\000l}{section.3.8}% 44
\BOOKMARK [2][-]{subsection.3.8.4}{\376\377\000L\000o\000g\000i\000c\000i\000e\000l\000\040\000d\000e\000\040\000m\000o\000d\000\351\000l\000i\000s\000a\000t\000i\000o\000n\000\040\000U\000M\000L}{section.3.8}% 45
\BOOKMARK [1][-]{section.3.9}{\376\377\000D\000i\000a\000g\000r\000a\000m\000m\000e\000\040\000d\000e\000\040\000d\000\351\000p\000l\000o\000i\000e\000m\000e\000n\000t}{chapter.3}% 46
\BOOKMARK [1][-]{section.3.10}{\376\377\000C\000o\000n\000c\000l\000u\000s\000i\000o\000n}{chapter.3}% 47
\BOOKMARK [0][-]{chapter.4}{\376\377\000\311\000t\000u\000d\000e\000\040\000e\000t\000\040\000r\000\351\000a\000l\000i\000s\000a\000t\000i\000o\000n\000\040\000d\000u\000\040\000S\000p\000r\000i\000n\000t\000\040\0001}{}% 48
\BOOKMARK [1][-]{section.4.1}{\376\377\000I\000n\000t\000r\000o\000d\000u\000c\000t\000i\000o\000n}{chapter.4}% 49
\BOOKMARK [1][-]{section.4.2}{\376\377\000B\000a\000c\000k\000l\000o\000g\000\040\000d\000u\000\040\000S\000p\000r\000i\000n\000t\000\040\0001}{chapter.4}% 50
\BOOKMARK [1][-]{section.4.3}{\376\377\000S\000p\000\351\000c\000i\000f\000i\000c\000a\000t\000i\000o\000n\000\040\000f\000o\000n\000c\000t\000i\000o\000n\000n\000e\000l\000l\000e}{chapter.4}% 51
\BOOKMARK [2][-]{subsection.4.3.1}{\376\377\000D\000i\000a\000g\000r\000a\000m\000m\000e\000\040\000d\000e\000\040\000c\000a\000s\000\040\000d\000'\000u\000t\000i\000l\000i\000s\000a\000t\000i\000o\000n\000\040\000g\000\351\000n\000\351\000r\000a\000l\000e}{section.4.3}% 52
\BOOKMARK [2][-]{subsection.4.3.2}{\376\377\000D\000e\000s\000c\000r\000i\000p\000t\000i\000o\000n\000\040\000t\000e\000x\000t\000u\000e\000l\000l\000e\000\040\000d\000u\000\040\000C\000U\000\040\000<\000<\000\040\000R\000e\000c\000h\000e\000r\000c\000h\000e\000r\000\040\000p\000r\000o\000d\000u\000i\000t\000\040\000e\000n\000\040\000f\000r\000a\000n\000\347\000a\000i\000s\000\040\000>\000>}{section.4.3}% 53
\BOOKMARK [2][-]{subsection.4.3.3}{\376\377\000D\000e\000s\000c\000r\000i\000p\000t\000i\000o\000n\000\040\000t\000e\000x\000t\000u\000e\000l\000l\000e\000\040\000d\000u\000\040\000C\000U\000\040\000<\000<\000\040\000V\000o\000i\000r\000\040\000s\000u\000g\000g\000e\000s\000t\000i\000o\000n\000s\000\040\000>\000>}{section.4.3}% 54
\BOOKMARK [2][-]{subsection.4.3.4}{\376\377\000D\000i\000a\000g\000r\000a\000m\000m\000e\000\040\000d\000e\000\040\000s\000\351\000q\000u\000e\000n\000c\000e\000\040\000d\000e\000t\000a\000i\000l\000l\000\351\000e}{section.4.3}% 55
\BOOKMARK [1][-]{section.4.4}{\376\377\000A\000r\000c\000h\000i\000t\000e\000c\000t\000u\000r\000e\000\040\000d\000e\000\040\000l\000a\000\040\000b\000a\000s\000e\000\040\000d\000e\000\040\000d\000o\000n\000n\000\351\000e\000s}{chapter.4}% 56
\BOOKMARK [2][-]{subsection.4.4.1}{\376\377\000D\000i\000a\000g\000r\000a\000m\000m\000e\000\040\000d\000e\000\040\000c\000l\000a\000s\000s\000e\000s}{section.4.4}% 57
\BOOKMARK [2][-]{subsection.4.4.2}{\376\377\000S\000c\000h\000\351\000m\000a\000\040\000d\000e\000\040\000l\000a\000\040\000b\000a\000s\000e\000\040\000d\000e\000\040\000d\000o\000n\000n\000\351\000e\000s}{section.4.4}% 58
\BOOKMARK [2][-]{subsection.4.4.3}{\376\377\000T\000a\000b\000l\000e\000s\000\040\000d\000e\000\040\000b\000a\000s\000e\000\040\000d\000e\000\040\000d\000o\000n\000n\000\351\000e\000s\000\040\000M\000y\000S\000Q\000L}{section.4.4}% 59
\BOOKMARK [2][-]{subsection.4.4.4}{\376\377\000T\000a\000b\000l\000e\000s\000\040\000d\000e\000\040\000b\000a\000s\000e\000\040\000d\000e\000\040\000d\000o\000n\000n\000\351\000e\000s\000\040\000E\000l\000a\000s\000t\000i\000c\000s\000e\000a\000r\000c\000h}{section.4.4}% 60
\BOOKMARK [1][-]{section.4.5}{\376\377\000R\000\351\000a\000l\000i\000s\000a\000t\000i\000o\000n}{chapter.4}% 61
\BOOKMARK [2][-]{subsection.4.5.1}{\376\377\000L\000a\000\040\000c\000r\000\351\000a\000t\000i\000o\000n\000\040\000d\000e\000s\000\040\000c\000o\000l\000o\000n\000n\000e\000s\000\040\000d\000e\000s\000\040\000v\000e\000c\000t\000e\000u\000r\000s}{section.4.5}% 62
\BOOKMARK [2][-]{subsection.4.5.2}{\376\377\000L\000e\000\040\000m\000o\000d\000\350\000l\000e\000\040\000S\000e\000n\000t\000e\000n\000c\000e\000-\000T\000r\000a\000n\000s\000f\000o\000r\000m\000e\000r\000s\000\040\000e\000t\000\040\000e\000n\000c\000o\000d\000a\000g\000e\000\040\000d\000e\000s\000\040\000p\000h\000r\000a\000s\000e\000s}{section.4.5}% 63
\BOOKMARK [2][-]{subsection.4.5.3}{\376\377\000P\000r\000\351\000p\000a\000r\000a\000t\000i\000o\000n\000\040\000d\000e\000s\000\040\000d\000o\000n\000n\000\351\000e\000s\000\040\000d\000a\000n\000s\000\040\000E\000l\000a\000s\000t\000i\000c\000s\000e\000a\000r\000c\000h\000\040\000p\000o\000u\000r\000\040\000r\000e\000c\000h\000e\000r\000c\000h\000e\000\040\000v\000e\000c\000t\000o\000r\000i\000e\000l\000l\000e}{section.4.5}% 64
\BOOKMARK [2][-]{subsection.4.5.4}{\376\377\000E\000l\000a\000s\000t\000i\000c\000s\000e\000a\000r\000c\000h\000\040\000e\000t\000\040\000S\000i\000m\000i\000l\000a\000r\000i\000t\000\351\000\040\000C\000o\000s\000i\000n\000u\000s}{section.4.5}% 65
\BOOKMARK [1][-]{section.4.6}{\376\377\000C\000o\000n\000c\000l\000u\000s\000i\000o\000n}{chapter.4}% 66
\BOOKMARK [0][-]{chapter.5}{\376\377\000\311\000t\000u\000d\000e\000\040\000e\000t\000\040\000r\000\351\000a\000l\000i\000s\000a\000t\000i\000o\000n\000\040\000d\000u\000\040\000S\000p\000r\000i\000n\000t\000\040\0002}{}% 67
\BOOKMARK [1][-]{section.5.1}{\376\377\000I\000n\000t\000r\000o\000d\000u\000c\000t\000i\000o\000n}{chapter.5}% 68
\BOOKMARK [1][-]{section.5.2}{\376\377\000B\000a\000c\000k\000l\000o\000g\000\040\000d\000u\000\040\000S\000p\000r\000i\000n\000t\000\040\0002}{chapter.5}% 69
\BOOKMARK [1][-]{section.5.3}{\376\377\000S\000p\000\351\000c\000i\000f\000i\000c\000a\000t\000i\000o\000n\000\040\000f\000o\000n\000c\000t\000i\000o\000n\000n\000e\000l\000l\000e}{chapter.5}% 70
\BOOKMARK [1][-]{section.5.4}{\376\377\000D\000i\000a\000g\000r\000a\000m\000m\000e\000\040\000d\000e\000\040\000c\000a\000s\000\040\000d\000'\000u\000t\000i\000l\000i\000s\000a\000t\000i\000o\000n\000\040\000g\000\351\000n\000\351\000r\000a\000l}{chapter.5}% 71
\BOOKMARK [1][-]{section.5.5}{\376\377\000D\000e\000s\000c\000r\000i\000p\000t\000i\000o\000n\000\040\000t\000e\000x\000t\000u\000e\000l\000l\000e\000\040\000d\000e\000s\000\040\000c\000a\000s\000\040\000d\040\031\000u\000t\000i\000l\000i\000s\000a\000t\000i\000o\000n\000s}{chapter.5}% 72
\BOOKMARK [2][-]{subsection.5.5.1}{\376\377\000D\000e\000s\000c\000r\000i\000p\000t\000i\000o\000n\000\040\000t\000e\000x\000t\000u\000e\000l\000l\000e\000\040\000d\000u\000\040\000C\000U\000\040\000\253\000\040\000R\000e\000c\000h\000e\000r\000c\000h\000e\000r\000\040\000p\000r\000o\000d\000u\000i\000t\000\040\000e\000n\000\040\000a\000r\000a\000b\000e\000\040\000t\000r\000a\000d\000i\000t\000i\000o\000n\000n\000e\000l\000\040\000\273}{section.5.5}% 73
\BOOKMARK [2][-]{subsection.5.5.2}{\376\377\000D\000e\000s\000c\000r\000i\000p\000t\000i\000o\000n\000\040\000t\000e\000x\000t\000u\000e\000l\000l\000e\000\040\000d\000u\000\040\000C\000U\000\040\000\253\000\040\000R\000e\000c\000h\000e\000r\000c\000h\000e\000r\000\040\000p\000r\000o\000d\000u\000i\000t\000\040\000e\000n\000\040\000a\000r\000a\000b\000e\000\040\000e\000n\000\040\000d\000i\000a\000l\000e\000c\000t\000e\000\040\000t\000u\000n\000i\000s\000i\000e\000n\000\040\000\273}{section.5.5}% 74
\BOOKMARK [2][-]{subsection.5.5.3}{\376\377\000D\000e\000s\000c\000r\000i\000p\000t\000i\000o\000n\000\040\000t\000e\000x\000t\000u\000e\000l\000l\000e\000\040\000d\000u\000\040\000C\000U\000\040\000<\000<\000\040\000V\000o\000i\000r\000\040\000s\000u\000g\000g\000e\000s\000t\000i\000o\000n\000s\000\040\000>\000>}{section.5.5}% 75
\BOOKMARK [1][-]{section.5.6}{\376\377\000C\000o\000n\000c\000e\000p\000t\000i\000o\000n}{chapter.5}% 76
\BOOKMARK [2][-]{subsection.5.6.1}{\376\377\000D\000i\000a\000g\000r\000a\000m\000m\000e\000\040\000d\000e\000\040\000s\000\351\000q\000u\000e\000n\000c\000e\000\040\000d\000\351\000t\000a\000i\000l\000l\000\351}{section.5.6}% 77
\BOOKMARK [1][-]{section.5.7}{\376\377\000R\000\351\000a\000l\000i\000s\000a\000t\000i\000o\000n}{chapter.5}% 78
\BOOKMARK [2][-]{subsection.5.7.1}{\376\377\000L\000e\000s\000\040\000p\000r\000e\000m\000i\000\350\000r\000e\000s\000\040\000a\000p\000p\000r\000o\000c\000h\000e\000s}{section.5.7}% 79
\BOOKMARK [2][-]{subsection.5.7.2}{\376\377\000C\000r\000\351\000a\000t\000i\000o\000n\000\040\000d\000e\000\040\000n\000o\000t\000r\000e\000\040\000p\000r\000o\000p\000r\000e\000\040\000c\000l\000a\000s\000s\000e\000\040\000t\000r\000a\000d\000u\000c\000t\000e\000u\000r}{section.5.7}% 80
\BOOKMARK [1][-]{section.5.8}{\376\377\000P\000r\000o\000c\000e\000s\000s\000u\000s\000\040\000c\000o\000m\000p\000l\000e\000t\000\040\000d\000e\000\040\000r\000e\000c\000h\000e\000r\000c\000h\000e\000\040\000v\000e\000c\000t\000o\000r\000i\000e\000l\000l\000e\000\040\000a\000v\000e\000c\000\040\000l\000a\000\040\000t\000r\000a\000d\000u\000c\000t\000i\000o\000n}{chapter.5}% 81
\BOOKMARK [2][-]{subsection.5.8.1}{\376\377\000R\000\351\000p\000a\000r\000t\000i\000t\000i\000o\000n\000\040\000d\000\351\000t\000a\000i\000l\000l\000\351\000e\000\040\000d\000e\000\040\000p\000r\000o\000c\000e\000s\000s\000u\000s\000\040\000d\000e\000\040\000r\000e\000c\000h\000e\000r\000c\000h\000e\000\040\000v\000e\000c\000t\000o\000r\000i\000e\000l\000l\000e\000\040\000c\000o\000m\000p\000l\000e\000t}{section.5.8}% 82
\BOOKMARK [2][-]{subsection.5.8.2}{\376\377\000I\000n\000t\000e\000r\000f\000a\000c\000e\000\040\000d\000e\000\040\000r\000e\000c\000h\000e\000r\000c\000h\000e\000\040\000e\000t\000\040\000a\000f\000f\000i\000c\000h\000a\000g\000e\000\040\000d\000e\000s\000\040\000s\000u\000g\000g\000e\000s\000t\000i\000o\000n\000s}{section.5.8}% 83
\BOOKMARK [1][-]{section.5.9}{\376\377\000C\000o\000n\000c\000l\000u\000s\000i\000o\000n}{chapter.5}% 84
\BOOKMARK [0][-]{chapter.6}{\376\377\000\311\000t\000u\000d\000e\000\040\000e\000t\000\040\000r\000\351\000a\000l\000i\000s\000a\000t\000i\000o\000n\000\040\000d\000u\000\040\000S\000p\000r\000i\000n\000t\000\040\0003}{}% 85
\BOOKMARK [1][-]{section.6.1}{\376\377\000I\000n\000t\000r\000o\000d\000u\000c\000t\000i\000o\000n}{chapter.6}% 86
\BOOKMARK [1][-]{section.6.2}{\376\377\000B\000a\000c\000k\000l\000o\000g\000\040\000d\000u\000\040\000S\000p\000r\000i\000n\000t\000\040\0003}{chapter.6}% 87
\BOOKMARK [1][-]{section.6.3}{\376\377\000S\000p\000\351\000f\000i\000c\000i\000a\000t\000i\000o\000n\000\040\000f\000o\000n\000c\000t\000i\000o\000n\000n\000e\000l\000l\000e}{chapter.6}% 88
\BOOKMARK [2][-]{subsection.6.3.1}{\376\377\000D\000i\000a\000g\000r\000a\000m\000m\000e\000\040\000d\000e\000\040\000c\000a\000s\000\040\000d\000'\000u\000t\000i\000l\000i\000s\000a\000t\000i\000o\000n\000\040\000g\000\351\000n\000\351\000r\000a\000l\000e}{section.6.3}% 89
\BOOKMARK [2][-]{subsection.6.3.2}{\376\377\000D\000e\000s\000c\000r\000i\000p\000t\000i\000o\000n\000\040\000t\000e\000x\000t\000u\000e\000l\000l\000e\000\040\000d\000e\000s\000\040\000c\000a\000s\000\040\000d\000'\000u\000t\000i\000l\000i\000s\000a\000t\000i\000o\000n\000s}{section.6.3}% 90
\BOOKMARK [1][-]{section.6.4}{\376\377\000C\000o\000n\000c\000e\000p\000t\000i\000o\000n}{chapter.6}% 91
\BOOKMARK [2][-]{subsection.6.4.1}{\376\377\000D\000i\000a\000g\000r\000a\000m\000m\000e\000s\000\040\000d\000e\000\040\000s\000\351\000q\000u\000e\000n\000c\000e\000\040\000d\000\351\000t\000a\000i\000l\000l\000\351\000e}{section.6.4}% 92
\BOOKMARK [1][-]{section.6.5}{\376\377\000T\000a\000b\000l\000e\000a\000u\000\040\000d\000e\000\040\000b\000o\000r\000d}{chapter.6}% 93
\BOOKMARK [2][-]{subsection.6.5.1}{\376\377\000L\000e\000s\000\040\000i\000n\000d\000i\000c\000a\000t\000e\000u\000r\000s\000\040\000d\000e\000\040\000p\000e\000r\000f\000o\000r\000m\000a\000n\000c\000e}{section.6.5}% 94
\BOOKMARK [1][-]{section.6.6}{\376\377\000R\000\351\000a\000l\000i\000s\000a\000t\000i\000o\000n}{chapter.6}% 95
\BOOKMARK [1][-]{section.6.7}{\376\377\000C\000o\000n\000c\000l\000u\000s\000i\000o\000n}{chapter.6}% 96
\BOOKMARK [0][-]{section.6.7}{\376\377\000B\000i\000b\000l\000i\000o\000g\000r\000a\000p\000h\000i\000e}{}% 97
